<?xml version="1.0" ?>
<!DOCTYPE coverage SYSTEM "http://cobertura.sourceforge.net/xml/coverage-04.dtd">
<coverage lines-valid="231" lines-covered="114" line-rate="0.4935" branches-valid="97" branches-covered="60" branch-rate="0.6185" timestamp="1746224584415" complexity="0" version="0.1">
  <sources>
    <source>/Users/c0305/WebstormProjects/obsidian-github-plugin</source>
  </sources>
  <packages>
    <package name="main" line-rate="0.4935" branch-rate="0.6185">
      <classes>
        <class name="main.ts" filename="main.ts" line-rate="0.4935" branch-rate="0.6185">
          <methods>
            <method name="(anonymous_0)" hits="81" signature="()V">
              <lines>
                <line number="24" hits="81"/>
              </lines>
            </method>
            <method name="(anonymous_1)" hits="3" signature="()V">
              <lines>
                <line number="30" hits="3"/>
              </lines>
            </method>
            <method name="(anonymous_3)" hits="0" signature="()V">
              <lines>
                <line number="35" hits="0"/>
              </lines>
            </method>
            <method name="(anonymous_4)" hits="0" signature="()V">
              <lines>
                <line number="35" hits="0"/>
              </lines>
            </method>
            <method name="(anonymous_5)" hits="0" signature="()V">
              <lines>
                <line number="48" hits="0"/>
              </lines>
            </method>
            <method name="(anonymous_6)" hits="0" signature="()V">
              <lines>
                <line number="48" hits="0"/>
              </lines>
            </method>
            <method name="(anonymous_7)" hits="0" signature="()V">
              <lines>
                <line number="56" hits="0"/>
              </lines>
            </method>
            <method name="(anonymous_8)" hits="0" signature="()V">
              <lines>
                <line number="56" hits="0"/>
              </lines>
            </method>
            <method name="(anonymous_9)" hits="0" signature="()V">
              <lines>
                <line number="64" hits="0"/>
              </lines>
            </method>
            <method name="(anonymous_10)" hits="0" signature="()V">
              <lines>
                <line number="64" hits="0"/>
              </lines>
            </method>
            <method name="(anonymous_11)" hits="0" signature="()V">
              <lines>
                <line number="72" hits="0"/>
              </lines>
            </method>
            <method name="(anonymous_12)" hits="1" signature="()V">
              <lines>
                <line number="87" hits="1"/>
              </lines>
            </method>
            <method name="(anonymous_13)" hits="0" signature="()V">
              <lines>
                <line number="93" hits="0"/>
              </lines>
            </method>
            <method name="(anonymous_15)" hits="2" signature="()V">
              <lines>
                <line number="97" hits="2"/>
              </lines>
            </method>
            <method name="(anonymous_17)" hits="32" signature="()V">
              <lines>
                <line number="103" hits="32"/>
              </lines>
            </method>
            <method name="(anonymous_18)" hits="3" signature="()V">
              <lines>
                <line number="115" hits="3"/>
              </lines>
            </method>
            <method name="(anonymous_19)" hits="0" signature="()V">
              <lines>
                <line number="125" hits="0"/>
              </lines>
            </method>
            <method name="(anonymous_20)" hits="34" signature="()V">
              <lines>
                <line number="131" hits="34"/>
              </lines>
            </method>
            <method name="(anonymous_21)" hits="6" signature="()V">
              <lines>
                <line number="144" hits="6"/>
              </lines>
            </method>
            <method name="(anonymous_23)" hits="10" signature="()V">
              <lines>
                <line number="166" hits="10"/>
              </lines>
            </method>
            <method name="(anonymous_25)" hits="7" signature="()V">
              <lines>
                <line number="218" hits="7"/>
              </lines>
            </method>
            <method name="(anonymous_27)" hits="0" signature="()V">
              <lines>
                <line number="231" hits="0"/>
              </lines>
            </method>
            <method name="(anonymous_28)" hits="1" signature="()V">
              <lines>
                <line number="274" hits="1"/>
              </lines>
            </method>
            <method name="(anonymous_30)" hits="9" signature="()V">
              <lines>
                <line number="301" hits="9"/>
              </lines>
            </method>
            <method name="(anonymous_32)" hits="113" signature="()V">
              <lines>
                <line number="314" hits="113"/>
              </lines>
            </method>
            <method name="(anonymous_33)" hits="112" signature="()V">
              <lines>
                <line number="315" hits="112"/>
              </lines>
            </method>
            <method name="(anonymous_34)" hits="7" signature="()V">
              <lines>
                <line number="322" hits="7"/>
              </lines>
            </method>
            <method name="(anonymous_36)" hits="8" signature="()V">
              <lines>
                <line number="347" hits="8"/>
              </lines>
            </method>
            <method name="(anonymous_38)" hits="31" signature="()V">
              <lines>
                <line number="397" hits="31"/>
              </lines>
            </method>
            <method name="(anonymous_39)" hits="39" signature="()V">
              <lines>
                <line number="402" hits="39"/>
              </lines>
            </method>
            <method name="(anonymous_40)" hits="3" signature="()V">
              <lines>
                <line number="426" hits="3"/>
              </lines>
            </method>
            <method name="(anonymous_41)" hits="0" signature="()V">
              <lines>
                <line number="431" hits="0"/>
              </lines>
            </method>
            <method name="(anonymous_42)" hits="0" signature="()V">
              <lines>
                <line number="440" hits="0"/>
              </lines>
            </method>
            <method name="(anonymous_43)" hits="0" signature="()V">
              <lines>
                <line number="443" hits="0"/>
              </lines>
            </method>
            <method name="(anonymous_44)" hits="0" signature="()V">
              <lines>
                <line number="443" hits="0"/>
              </lines>
            </method>
            <method name="(anonymous_45)" hits="0" signature="()V">
              <lines>
                <line number="451" hits="0"/>
              </lines>
            </method>
            <method name="(anonymous_46)" hits="0" signature="()V">
              <lines>
                <line number="454" hits="0"/>
              </lines>
            </method>
            <method name="(anonymous_47)" hits="0" signature="()V">
              <lines>
                <line number="454" hits="0"/>
              </lines>
            </method>
            <method name="(anonymous_48)" hits="0" signature="()V">
              <lines>
                <line number="462" hits="0"/>
              </lines>
            </method>
            <method name="(anonymous_49)" hits="0" signature="()V">
              <lines>
                <line number="465" hits="0"/>
              </lines>
            </method>
            <method name="(anonymous_50)" hits="0" signature="()V">
              <lines>
                <line number="465" hits="0"/>
              </lines>
            </method>
            <method name="(anonymous_51)" hits="0" signature="()V">
              <lines>
                <line number="473" hits="0"/>
              </lines>
            </method>
            <method name="(anonymous_52)" hits="0" signature="()V">
              <lines>
                <line number="476" hits="0"/>
              </lines>
            </method>
            <method name="(anonymous_53)" hits="0" signature="()V">
              <lines>
                <line number="476" hits="0"/>
              </lines>
            </method>
            <method name="(anonymous_54)" hits="0" signature="()V">
              <lines>
                <line number="484" hits="0"/>
              </lines>
            </method>
            <method name="(anonymous_55)" hits="0" signature="()V">
              <lines>
                <line number="486" hits="0"/>
              </lines>
            </method>
            <method name="(anonymous_56)" hits="0" signature="()V">
              <lines>
                <line number="486" hits="0"/>
              </lines>
            </method>
            <method name="(anonymous_57)" hits="0" signature="()V">
              <lines>
                <line number="494" hits="0"/>
              </lines>
            </method>
            <method name="(anonymous_58)" hits="0" signature="()V">
              <lines>
                <line number="498" hits="0"/>
              </lines>
            </method>
            <method name="(anonymous_59)" hits="0" signature="()V">
              <lines>
                <line number="498" hits="0"/>
              </lines>
            </method>
            <method name="(anonymous_60)" hits="0" signature="()V">
              <lines>
                <line number="514" hits="0"/>
              </lines>
            </method>
            <method name="(anonymous_61)" hits="0" signature="()V">
              <lines>
                <line number="517" hits="0"/>
              </lines>
            </method>
            <method name="(anonymous_62)" hits="0" signature="()V">
              <lines>
                <line number="517" hits="0"/>
              </lines>
            </method>
            <method name="(anonymous_63)" hits="0" signature="()V">
              <lines>
                <line number="523" hits="0"/>
              </lines>
            </method>
            <method name="(anonymous_64)" hits="0" signature="()V">
              <lines>
                <line number="530" hits="0"/>
              </lines>
            </method>
          </methods>
          <lines>
            <line number="1" hits="11" branch="false"/>
            <line number="2" hits="11" branch="false"/>
            <line number="14" hits="11" branch="false"/>
            <line number="24" hits="11" branch="false"/>
            <line number="26" hits="81" branch="false"/>
            <line number="28" hits="81" branch="false"/>
            <line number="31" hits="3" branch="false"/>
            <line number="32" hits="3" branch="false"/>
            <line number="35" hits="3" branch="false"/>
            <line number="36" hits="0" branch="false"/>
            <line number="38" hits="3" branch="false"/>
            <line number="41" hits="3" branch="false"/>
            <line number="42" hits="3" branch="false"/>
            <line number="45" hits="3" branch="false"/>
            <line number="48" hits="0" branch="false"/>
            <line number="49" hits="0" branch="false"/>
            <line number="53" hits="3" branch="false"/>
            <line number="56" hits="0" branch="false"/>
            <line number="57" hits="0" branch="false"/>
            <line number="61" hits="3" branch="false"/>
            <line number="64" hits="0" branch="false"/>
            <line number="65" hits="0" branch="false"/>
            <line number="70" hits="3" branch="true" condition-coverage="0% (0/1)"/>
            <line number="71" hits="0" branch="false"/>
            <line number="73" hits="0" branch="true" condition-coverage="0% (0/3)"/>
            <line number="74" hits="0" branch="false"/>
            <line number="81" hits="3" branch="false"/>
            <line number="84" hits="3" branch="false"/>
            <line number="88" hits="1" branch="true" condition-coverage="100% (1/1)"/>
            <line number="89" hits="1" branch="false"/>
            <line number="94" hits="0" branch="false"/>
            <line number="98" hits="2" branch="false"/>
            <line number="99" hits="2" branch="false"/>
            <line number="100" hits="2" branch="false"/>
            <line number="104" hits="32" branch="true" condition-coverage="100% (2/2)"/>
            <line number="105" hits="30" branch="false"/>
            <line number="108" hits="30" branch="false"/>
            <line number="110" hits="2" branch="false"/>
            <line number="111" hits="2" branch="false"/>
            <line number="117" hits="3" branch="true" condition-coverage="0% (0/1)"/>
            <line number="118" hits="0" branch="false"/>
            <line number="119" hits="0" branch="false"/>
            <line number="123" hits="3" branch="true" condition-coverage="100% (1/1)"/>
            <line number="124" hits="1" branch="false"/>
            <line number="125" hits="0" branch="false"/>
            <line number="132" hits="34" branch="true" condition-coverage="100% (2/2)"/>
            <line number="133" hits="25" branch="false"/>
            <line number="134" hits="9" branch="true" condition-coverage="100% (2/2)"/>
            <line number="135" hits="1" branch="false"/>
            <line number="136" hits="8" branch="true" condition-coverage="100% (2/2)"/>
            <line number="137" hits="2" branch="false"/>
            <line number="138" hits="2" branch="false"/>
            <line number="140" hits="6" branch="false"/>
            <line number="145" hits="6" branch="true" condition-coverage="100% (1/1)"/>
            <line number="146" hits="1" branch="false"/>
            <line number="147" hits="1" branch="false"/>
            <line number="150" hits="5" branch="false"/>
            <line number="151" hits="1" branch="false"/>
            <line number="152" hits="1" branch="false"/>
            <line number="153" hits="1" branch="false"/>
            <line number="155" hits="1" branch="false"/>
            <line number="156" hits="1" branch="false"/>
            <line number="157" hits="1" branch="false"/>
            <line number="158" hits="1" branch="false"/>
            <line number="160" hits="0" branch="false"/>
            <line number="161" hits="0" branch="false"/>
            <line number="162" hits="0" branch="false"/>
            <line number="167" hits="10" branch="true" condition-coverage="0% (0/1)"/>
            <line number="168" hits="0" branch="false"/>
            <line number="169" hits="0" branch="false"/>
            <line number="172" hits="10" branch="false"/>
            <line number="173" hits="4" branch="false"/>
            <line number="175" hits="4" branch="false"/>
            <line number="178" hits="3" branch="true" condition-coverage="50% (1/2)"/>
            <line number="179" hits="3" branch="true" condition-coverage="66.66666666666666% (2/3)"/>
            <line number="180" hits="0" branch="false"/>
            <line number="184" hits="0" branch="false"/>
            <line number="185" hits="0" branch="false"/>
            <line number="186" hits="0" branch="false"/>
            <line number="187" hits="0" branch="false"/>
            <line number="188" hits="0" branch="false"/>
            <line number="191" hits="0" branch="false"/>
            <line number="192" hits="0" branch="true" condition-coverage="0% (0/1)"/>
            <line number="193" hits="0" branch="false"/>
            <line number="194" hits="0" branch="true" condition-coverage="0% (0/1)"/>
            <line number="195" hits="0" branch="false"/>
            <line number="199" hits="0" branch="true" condition-coverage="0% (0/1)"/>
            <line number="200" hits="0" branch="false"/>
            <line number="201" hits="0" branch="false"/>
            <line number="204" hits="0" branch="false"/>
            <line number="209" hits="0" branch="false"/>
            <line number="210" hits="0" branch="false"/>
            <line number="212" hits="4" branch="false"/>
            <line number="213" hits="4" branch="false"/>
            <line number="214" hits="4" branch="false"/>
            <line number="219" hits="7" branch="true" condition-coverage="0% (0/1)"/>
            <line number="220" hits="0" branch="false"/>
            <line number="221" hits="0" branch="false"/>
            <line number="224" hits="7" branch="false"/>
            <line number="225" hits="3" branch="false"/>
            <line number="227" hits="3" branch="true" condition-coverage="50% (1/2)"/>
            <line number="228" hits="3" branch="false"/>
            <line number="230" hits="0" branch="true" condition-coverage="0% (0/1)"/>
            <line number="231" hits="0" branch="false"/>
            <line number="232" hits="0" branch="true" condition-coverage="0% (0/3)"/>
            <line number="238" hits="0" branch="false"/>
            <line number="239" hits="0" branch="false"/>
            <line number="240" hits="0" branch="false"/>
            <line number="241" hits="0" branch="false"/>
            <line number="242" hits="0" branch="false"/>
            <line number="245" hits="0" branch="false"/>
            <line number="246" hits="0" branch="false"/>
            <line number="247" hits="0" branch="false"/>
            <line number="248" hits="0" branch="true" condition-coverage="0% (0/1)"/>
            <line number="249" hits="0" branch="false"/>
            <line number="255" hits="0" branch="true" condition-coverage="0% (0/1)"/>
            <line number="256" hits="0" branch="false"/>
            <line number="257" hits="0" branch="false"/>
            <line number="260" hits="0" branch="false"/>
            <line number="265" hits="0" branch="false"/>
            <line number="266" hits="0" branch="false"/>
            <line number="268" hits="3" branch="false"/>
            <line number="269" hits="3" branch="false"/>
            <line number="270" hits="3" branch="false"/>
            <line number="275" hits="1" branch="true" condition-coverage="66.66666666666666% (2/3)"/>
            <line number="276" hits="0" branch="false"/>
            <line number="280" hits="1" branch="true" condition-coverage="50% (1/2)"/>
            <line number="281" hits="1" branch="true" condition-coverage="66.66666666666666% (2/3)"/>
            <line number="282" hits="0" branch="false"/>
            <line number="285" hits="1" branch="false"/>
            <line number="286" hits="1" branch="false"/>
            <line number="287" hits="0" branch="false"/>
            <line number="289" hits="0" branch="false"/>
            <line number="290" hits="0" branch="false"/>
            <line number="291" hits="0" branch="false"/>
            <line number="292" hits="0" branch="false"/>
            <line number="293" hits="0" branch="false"/>
            <line number="295" hits="1" branch="false"/>
            <line number="296" hits="1" branch="false"/>
            <line number="302" hits="9" branch="true" condition-coverage="100% (1/1)"/>
            <line number="305" hits="8" branch="false"/>
            <line number="313" hits="6" branch="false"/>
            <line number="314" hits="113" branch="true" condition-coverage="100% (2/2)"/>
            <line number="315" hits="112" branch="false"/>
            <line number="323" hits="7" branch="true" condition-coverage="100% (1/1)"/>
            <line number="325" hits="6" branch="false"/>
            <line number="326" hits="6" branch="false"/>
            <line number="333" hits="5" branch="true" condition-coverage="100% (2/2)"/>
            <line number="334" hits="1" branch="false"/>
            <line number="335" hits="4" branch="true" condition-coverage="100% (4/4)"/>
            <line number="337" hits="3" branch="false"/>
            <line number="339" hits="1" branch="false"/>
            <line number="342" hits="3" branch="false"/>
            <line number="343" hits="3" branch="false"/>
            <line number="348" hits="8" branch="true" condition-coverage="100% (1/1)"/>
            <line number="350" hits="7" branch="false"/>
            <line number="352" hits="7" branch="false"/>
            <line number="359" hits="5" branch="true" condition-coverage="100% (1/1)"/>
            <line number="360" hits="1" branch="false"/>
            <line number="364" hits="4" branch="true" condition-coverage="100% (1/1)"/>
            <line number="365" hits="1" branch="false"/>
            <line number="369" hits="3" branch="false"/>
            <line number="379" hits="5" branch="true" condition-coverage="100% (2/2)"/>
            <line number="381" hits="2" branch="false"/>
            <line number="390" hits="3" branch="false"/>
            <line number="391" hits="3" branch="false"/>
            <line number="398" hits="31" branch="true" condition-coverage="100% (2/2)"/>
            <line number="399" hits="31" branch="false"/>
            <line number="403" hits="39" branch="true" condition-coverage="100% (2/2)"/>
            <line number="404" hits="39" branch="false"/>
            <line number="407" hits="39" branch="true" condition-coverage="100% (3/3)"/>
            <line number="408" hits="30" branch="false"/>
            <line number="409" hits="30" branch="true" condition-coverage="100% (1/1)"/>
            <line number="410" hits="27" branch="false"/>
            <line number="415" hits="39" branch="true" condition-coverage="100% (1/1)"/>
            <line number="416" hits="36" branch="false"/>
            <line number="419" hits="39" branch="false"/>
            <line number="427" hits="3" branch="false"/>
            <line number="428" hits="3" branch="false"/>
            <line number="432" hits="0" branch="false"/>
            <line number="434" hits="0" branch="false"/>
            <line number="435" hits="0" branch="false"/>
            <line number="437" hits="0" branch="false"/>
            <line number="440" hits="0" branch="false"/>
            <line number="443" hits="0" branch="false"/>
            <line number="444" hits="0" branch="false"/>
            <line number="445" hits="0" branch="false"/>
            <line number="448" hits="0" branch="false"/>
            <line number="451" hits="0" branch="false"/>
            <line number="454" hits="0" branch="false"/>
            <line number="455" hits="0" branch="false"/>
            <line number="456" hits="0" branch="false"/>
            <line number="459" hits="0" branch="false"/>
            <line number="462" hits="0" branch="false"/>
            <line number="465" hits="0" branch="false"/>
            <line number="466" hits="0" branch="false"/>
            <line number="467" hits="0" branch="false"/>
            <line number="470" hits="0" branch="false"/>
            <line number="473" hits="0" branch="false"/>
            <line number="476" hits="0" branch="false"/>
            <line number="477" hits="0" branch="false"/>
            <line number="478" hits="0" branch="false"/>
            <line number="481" hits="0" branch="false"/>
            <line number="484" hits="0" branch="false"/>
            <line number="486" hits="0" branch="false"/>
            <line number="487" hits="0" branch="false"/>
            <line number="488" hits="0" branch="false"/>
            <line number="491" hits="0" branch="false"/>
            <line number="494" hits="0" branch="false"/>
            <line number="498" hits="0" branch="false"/>
            <line number="499" hits="0" branch="false"/>
            <line number="500" hits="0" branch="false"/>
            <line number="503" hits="0" branch="true" condition-coverage="0% (0/1)"/>
            <line number="504" hits="0" branch="false"/>
            <line number="505" hits="0" branch="false"/>
            <line number="511" hits="0" branch="false"/>
            <line number="514" hits="0" branch="false"/>
            <line number="517" hits="0" branch="false"/>
            <line number="518" hits="0" branch="false"/>
            <line number="519" hits="0" branch="false"/>
            <line number="520" hits="0" branch="false"/>
            <line number="521" hits="0" branch="false"/>
            <line number="522" hits="0" branch="false"/>
            <line number="523" hits="0" branch="false"/>
            <line number="524" hits="0" branch="false"/>
            <line number="525" hits="0" branch="false"/>
            <line number="526" hits="0" branch="false"/>
            <line number="529" hits="0" branch="false"/>
            <line number="530" hits="0" branch="false"/>
            <line number="531" hits="0" branch="false"/>
            <line number="532" hits="0" branch="false"/>
          </lines>
        </class>
      </classes>
    </package>
  </packages>
</coverage>
