<?xml version="1.0" ?>
<!DOCTYPE coverage SYSTEM "http://cobertura.sourceforge.net/xml/coverage-04.dtd">
<coverage lines-valid="236" lines-covered="58" line-rate="0.2457" branches-valid="103" branches-covered="34" branch-rate="0.33" timestamp="1746228772284" complexity="0" version="0.1">
  <sources>
    <source>/Users/c0305/WebstormProjects/obsidian-github-plugin</source>
  </sources>
  <packages>
    <package name="main" line-rate="0.2457" branch-rate="0.33">
      <classes>
        <class name="main.ts" filename="main.ts" line-rate="0.2457" branch-rate="0.33">
          <methods>
            <method name="(anonymous_0)" hits="26" signature="()V">
              <lines>
                <line number="24" hits="26"/>
              </lines>
            </method>
            <method name="(anonymous_1)" hits="2" signature="()V">
              <lines>
                <line number="30" hits="2"/>
              </lines>
            </method>
            <method name="(anonymous_3)" hits="0" signature="()V">
              <lines>
                <line number="35" hits="0"/>
              </lines>
            </method>
            <method name="(anonymous_4)" hits="0" signature="()V">
              <lines>
                <line number="35" hits="0"/>
              </lines>
            </method>
            <method name="(anonymous_5)" hits="0" signature="()V">
              <lines>
                <line number="48" hits="0"/>
              </lines>
            </method>
            <method name="(anonymous_6)" hits="0" signature="()V">
              <lines>
                <line number="48" hits="0"/>
              </lines>
            </method>
            <method name="(anonymous_7)" hits="0" signature="()V">
              <lines>
                <line number="56" hits="0"/>
              </lines>
            </method>
            <method name="(anonymous_8)" hits="0" signature="()V">
              <lines>
                <line number="56" hits="0"/>
              </lines>
            </method>
            <method name="(anonymous_9)" hits="0" signature="()V">
              <lines>
                <line number="64" hits="0"/>
              </lines>
            </method>
            <method name="(anonymous_10)" hits="0" signature="()V">
              <lines>
                <line number="64" hits="0"/>
              </lines>
            </method>
            <method name="(anonymous_11)" hits="0" signature="()V">
              <lines>
                <line number="72" hits="0"/>
              </lines>
            </method>
            <method name="(anonymous_12)" hits="1" signature="()V">
              <lines>
                <line number="87" hits="1"/>
              </lines>
            </method>
            <method name="(anonymous_13)" hits="0" signature="()V">
              <lines>
                <line number="93" hits="0"/>
              </lines>
            </method>
            <method name="(anonymous_15)" hits="1" signature="()V">
              <lines>
                <line number="97" hits="1"/>
              </lines>
            </method>
            <method name="(anonymous_17)" hits="16" signature="()V">
              <lines>
                <line number="103" hits="16"/>
              </lines>
            </method>
            <method name="(anonymous_18)" hits="0" signature="()V">
              <lines>
                <line number="115" hits="0"/>
              </lines>
            </method>
            <method name="(anonymous_19)" hits="0" signature="()V">
              <lines>
                <line number="125" hits="0"/>
              </lines>
            </method>
            <method name="(anonymous_20)" hits="0" signature="()V">
              <lines>
                <line number="133" hits="0"/>
              </lines>
            </method>
            <method name="(anonymous_21)" hits="1" signature="()V">
              <lines>
                <line number="146" hits="1"/>
              </lines>
            </method>
            <method name="(anonymous_23)" hits="0" signature="()V">
              <lines>
                <line number="168" hits="0"/>
              </lines>
            </method>
            <method name="(anonymous_25)" hits="0" signature="()V">
              <lines>
                <line number="220" hits="0"/>
              </lines>
            </method>
            <method name="(anonymous_27)" hits="0" signature="()V">
              <lines>
                <line number="234" hits="0"/>
              </lines>
            </method>
            <method name="(anonymous_28)" hits="0" signature="()V">
              <lines>
                <line number="276" hits="0"/>
              </lines>
            </method>
            <method name="(anonymous_30)" hits="4" signature="()V">
              <lines>
                <line number="303" hits="4"/>
              </lines>
            </method>
            <method name="(anonymous_32)" hits="5" signature="()V">
              <lines>
                <line number="316" hits="5"/>
              </lines>
            </method>
            <method name="(anonymous_33)" hits="4" signature="()V">
              <lines>
                <line number="317" hits="4"/>
              </lines>
            </method>
            <method name="(anonymous_34)" hits="6" signature="()V">
              <lines>
                <line number="324" hits="6"/>
              </lines>
            </method>
            <method name="(anonymous_36)" hits="6" signature="()V">
              <lines>
                <line number="349" hits="6"/>
              </lines>
            </method>
            <method name="(anonymous_38)" hits="0" signature="()V">
              <lines>
                <line number="399" hits="0"/>
              </lines>
            </method>
            <method name="(anonymous_39)" hits="0" signature="()V">
              <lines>
                <line number="410" hits="0"/>
              </lines>
            </method>
            <method name="(anonymous_40)" hits="2" signature="()V">
              <lines>
                <line number="447" hits="2"/>
              </lines>
            </method>
            <method name="(anonymous_41)" hits="0" signature="()V">
              <lines>
                <line number="452" hits="0"/>
              </lines>
            </method>
            <method name="(anonymous_42)" hits="0" signature="()V">
              <lines>
                <line number="461" hits="0"/>
              </lines>
            </method>
            <method name="(anonymous_43)" hits="0" signature="()V">
              <lines>
                <line number="465" hits="0"/>
              </lines>
            </method>
            <method name="(anonymous_44)" hits="0" signature="()V">
              <lines>
                <line number="465" hits="0"/>
              </lines>
            </method>
            <method name="(anonymous_45)" hits="0" signature="()V">
              <lines>
                <line number="474" hits="0"/>
              </lines>
            </method>
            <method name="(anonymous_46)" hits="0" signature="()V">
              <lines>
                <line number="478" hits="0"/>
              </lines>
            </method>
            <method name="(anonymous_47)" hits="0" signature="()V">
              <lines>
                <line number="478" hits="0"/>
              </lines>
            </method>
            <method name="(anonymous_48)" hits="0" signature="()V">
              <lines>
                <line number="487" hits="0"/>
              </lines>
            </method>
            <method name="(anonymous_49)" hits="0" signature="()V">
              <lines>
                <line number="491" hits="0"/>
              </lines>
            </method>
            <method name="(anonymous_50)" hits="0" signature="()V">
              <lines>
                <line number="491" hits="0"/>
              </lines>
            </method>
            <method name="(anonymous_51)" hits="0" signature="()V">
              <lines>
                <line number="500" hits="0"/>
              </lines>
            </method>
            <method name="(anonymous_52)" hits="0" signature="()V">
              <lines>
                <line number="504" hits="0"/>
              </lines>
            </method>
            <method name="(anonymous_53)" hits="0" signature="()V">
              <lines>
                <line number="504" hits="0"/>
              </lines>
            </method>
            <method name="(anonymous_54)" hits="0" signature="()V">
              <lines>
                <line number="513" hits="0"/>
              </lines>
            </method>
            <method name="(anonymous_55)" hits="0" signature="()V">
              <lines>
                <line number="514" hits="0"/>
              </lines>
            </method>
            <method name="(anonymous_56)" hits="0" signature="()V">
              <lines>
                <line number="514" hits="0"/>
              </lines>
            </method>
            <method name="(anonymous_57)" hits="0" signature="()V">
              <lines>
                <line number="523" hits="0"/>
              </lines>
            </method>
            <method name="(anonymous_58)" hits="0" signature="()V">
              <lines>
                <line number="528" hits="0"/>
              </lines>
            </method>
            <method name="(anonymous_59)" hits="0" signature="()V">
              <lines>
                <line number="528" hits="0"/>
              </lines>
            </method>
            <method name="(anonymous_60)" hits="0" signature="()V">
              <lines>
                <line number="545" hits="0"/>
              </lines>
            </method>
            <method name="(anonymous_61)" hits="0" signature="()V">
              <lines>
                <line number="549" hits="0"/>
              </lines>
            </method>
            <method name="(anonymous_62)" hits="0" signature="()V">
              <lines>
                <line number="549" hits="0"/>
              </lines>
            </method>
            <method name="(anonymous_63)" hits="0" signature="()V">
              <lines>
                <line number="555" hits="0"/>
              </lines>
            </method>
            <method name="(anonymous_64)" hits="0" signature="()V">
              <lines>
                <line number="562" hits="0"/>
              </lines>
            </method>
          </methods>
          <lines>
            <line number="1" hits="3" branch="false"/>
            <line number="2" hits="3" branch="false"/>
            <line number="14" hits="3" branch="false"/>
            <line number="24" hits="3" branch="false"/>
            <line number="26" hits="26" branch="false"/>
            <line number="28" hits="26" branch="false"/>
            <line number="31" hits="2" branch="false"/>
            <line number="32" hits="2" branch="false"/>
            <line number="35" hits="2" branch="false"/>
            <line number="36" hits="0" branch="false"/>
            <line number="38" hits="2" branch="false"/>
            <line number="41" hits="2" branch="false"/>
            <line number="42" hits="2" branch="false"/>
            <line number="45" hits="2" branch="false"/>
            <line number="48" hits="0" branch="false"/>
            <line number="49" hits="0" branch="false"/>
            <line number="53" hits="2" branch="false"/>
            <line number="56" hits="0" branch="false"/>
            <line number="57" hits="0" branch="false"/>
            <line number="61" hits="2" branch="false"/>
            <line number="64" hits="0" branch="false"/>
            <line number="65" hits="0" branch="false"/>
            <line number="70" hits="2" branch="true" condition-coverage="0% (0/1)"/>
            <line number="71" hits="0" branch="false"/>
            <line number="73" hits="0" branch="true" condition-coverage="0% (0/3)"/>
            <line number="74" hits="0" branch="false"/>
            <line number="81" hits="2" branch="false"/>
            <line number="84" hits="2" branch="false"/>
            <line number="88" hits="1" branch="true" condition-coverage="100% (1/1)"/>
            <line number="89" hits="1" branch="false"/>
            <line number="94" hits="0" branch="false"/>
            <line number="98" hits="1" branch="false"/>
            <line number="99" hits="1" branch="false"/>
            <line number="100" hits="1" branch="false"/>
            <line number="104" hits="16" branch="true" condition-coverage="50% (1/2)"/>
            <line number="105" hits="16" branch="false"/>
            <line number="108" hits="16" branch="false"/>
            <line number="110" hits="0" branch="false"/>
            <line number="111" hits="0" branch="false"/>
            <line number="117" hits="0" branch="true" condition-coverage="0% (0/1)"/>
            <line number="118" hits="0" branch="false"/>
            <line number="119" hits="0" branch="false"/>
            <line number="123" hits="0" branch="true" condition-coverage="0% (0/1)"/>
            <line number="124" hits="0" branch="false"/>
            <line number="126" hits="0" branch="false"/>
            <line number="134" hits="0" branch="true" condition-coverage="0% (0/2)"/>
            <line number="135" hits="0" branch="false"/>
            <line number="136" hits="0" branch="true" condition-coverage="0% (0/2)"/>
            <line number="137" hits="0" branch="false"/>
            <line number="138" hits="0" branch="true" condition-coverage="0% (0/2)"/>
            <line number="139" hits="0" branch="false"/>
            <line number="140" hits="0" branch="false"/>
            <line number="142" hits="0" branch="false"/>
            <line number="147" hits="1" branch="true" condition-coverage="100% (1/1)"/>
            <line number="148" hits="1" branch="false"/>
            <line number="149" hits="1" branch="false"/>
            <line number="152" hits="0" branch="false"/>
            <line number="153" hits="0" branch="false"/>
            <line number="154" hits="0" branch="false"/>
            <line number="155" hits="0" branch="false"/>
            <line number="157" hits="0" branch="false"/>
            <line number="158" hits="0" branch="false"/>
            <line number="159" hits="0" branch="false"/>
            <line number="160" hits="0" branch="false"/>
            <line number="162" hits="0" branch="false"/>
            <line number="163" hits="0" branch="false"/>
            <line number="164" hits="0" branch="false"/>
            <line number="169" hits="0" branch="true" condition-coverage="0% (0/1)"/>
            <line number="170" hits="0" branch="false"/>
            <line number="171" hits="0" branch="false"/>
            <line number="174" hits="0" branch="false"/>
            <line number="175" hits="0" branch="false"/>
            <line number="177" hits="0" branch="false"/>
            <line number="180" hits="0" branch="true" condition-coverage="0% (0/2)"/>
            <line number="181" hits="0" branch="true" condition-coverage="0% (0/3)"/>
            <line number="182" hits="0" branch="false"/>
            <line number="186" hits="0" branch="false"/>
            <line number="187" hits="0" branch="false"/>
            <line number="188" hits="0" branch="false"/>
            <line number="189" hits="0" branch="false"/>
            <line number="190" hits="0" branch="false"/>
            <line number="193" hits="0" branch="false"/>
            <line number="194" hits="0" branch="true" condition-coverage="0% (0/1)"/>
            <line number="195" hits="0" branch="false"/>
            <line number="196" hits="0" branch="true" condition-coverage="0% (0/1)"/>
            <line number="197" hits="0" branch="false"/>
            <line number="201" hits="0" branch="true" condition-coverage="0% (0/1)"/>
            <line number="202" hits="0" branch="false"/>
            <line number="203" hits="0" branch="false"/>
            <line number="206" hits="0" branch="false"/>
            <line number="211" hits="0" branch="false"/>
            <line number="212" hits="0" branch="false"/>
            <line number="214" hits="0" branch="false"/>
            <line number="215" hits="0" branch="false"/>
            <line number="216" hits="0" branch="false"/>
            <line number="221" hits="0" branch="true" condition-coverage="0% (0/1)"/>
            <line number="222" hits="0" branch="false"/>
            <line number="223" hits="0" branch="false"/>
            <line number="226" hits="0" branch="false"/>
            <line number="227" hits="0" branch="false"/>
            <line number="229" hits="0" branch="true" condition-coverage="0% (0/2)"/>
            <line number="230" hits="0" branch="false"/>
            <line number="232" hits="0" branch="true" condition-coverage="0% (0/2)"/>
            <line number="235" hits="0" branch="true" condition-coverage="0% (0/3)"/>
            <line number="240" hits="0" branch="false"/>
            <line number="241" hits="0" branch="false"/>
            <line number="242" hits="0" branch="false"/>
            <line number="243" hits="0" branch="false"/>
            <line number="244" hits="0" branch="false"/>
            <line number="247" hits="0" branch="false"/>
            <line number="248" hits="0" branch="false"/>
            <line number="249" hits="0" branch="false"/>
            <line number="250" hits="0" branch="true" condition-coverage="0% (0/1)"/>
            <line number="251" hits="0" branch="false"/>
            <line number="257" hits="0" branch="true" condition-coverage="0% (0/1)"/>
            <line number="258" hits="0" branch="false"/>
            <line number="259" hits="0" branch="false"/>
            <line number="262" hits="0" branch="false"/>
            <line number="267" hits="0" branch="false"/>
            <line number="268" hits="0" branch="false"/>
            <line number="270" hits="0" branch="false"/>
            <line number="271" hits="0" branch="false"/>
            <line number="272" hits="0" branch="false"/>
            <line number="277" hits="0" branch="true" condition-coverage="0% (0/3)"/>
            <line number="278" hits="0" branch="false"/>
            <line number="282" hits="0" branch="true" condition-coverage="0% (0/2)"/>
            <line number="283" hits="0" branch="true" condition-coverage="0% (0/3)"/>
            <line number="284" hits="0" branch="false"/>
            <line number="287" hits="0" branch="false"/>
            <line number="288" hits="0" branch="false"/>
            <line number="289" hits="0" branch="false"/>
            <line number="291" hits="0" branch="false"/>
            <line number="292" hits="0" branch="false"/>
            <line number="293" hits="0" branch="false"/>
            <line number="294" hits="0" branch="false"/>
            <line number="295" hits="0" branch="false"/>
            <line number="297" hits="0" branch="false"/>
            <line number="298" hits="0" branch="false"/>
            <line number="304" hits="4" branch="true" condition-coverage="100% (1/1)"/>
            <line number="307" hits="3" branch="false"/>
            <line number="315" hits="2" branch="false"/>
            <line number="316" hits="5" branch="true" condition-coverage="100% (2/2)"/>
            <line number="317" hits="4" branch="false"/>
            <line number="325" hits="6" branch="true" condition-coverage="100% (1/1)"/>
            <line number="327" hits="5" branch="false"/>
            <line number="328" hits="5" branch="false"/>
            <line number="335" hits="4" branch="true" condition-coverage="100% (2/2)"/>
            <line number="336" hits="1" branch="false"/>
            <line number="337" hits="3" branch="true" condition-coverage="100% (4/4)"/>
            <line number="339" hits="2" branch="false"/>
            <line number="341" hits="1" branch="false"/>
            <line number="344" hits="3" branch="false"/>
            <line number="345" hits="3" branch="false"/>
            <line number="350" hits="6" branch="true" condition-coverage="100% (1/1)"/>
            <line number="352" hits="5" branch="false"/>
            <line number="354" hits="5" branch="false"/>
            <line number="361" hits="4" branch="true" condition-coverage="100% (1/1)"/>
            <line number="362" hits="1" branch="false"/>
            <line number="366" hits="3" branch="true" condition-coverage="100% (1/1)"/>
            <line number="367" hits="1" branch="false"/>
            <line number="371" hits="2" branch="false"/>
            <line number="381" hits="4" branch="true" condition-coverage="100% (2/2)"/>
            <line number="383" hits="1" branch="false"/>
            <line number="392" hits="3" branch="false"/>
            <line number="393" hits="3" branch="false"/>
            <line number="400" hits="0" branch="true" condition-coverage="0% (0/2)"/>
            <line number="403" hits="0" branch="true" condition-coverage="0% (0/1)"/>
            <line number="404" hits="0" branch="false"/>
            <line number="407" hits="0" branch="false"/>
            <line number="411" hits="0" branch="true" condition-coverage="0% (0/2)"/>
            <line number="412" hits="0" branch="false"/>
            <line number="415" hits="0" branch="true" condition-coverage="0% (0/2)"/>
            <line number="417" hits="0" branch="true" condition-coverage="0% (0/1)"/>
            <line number="418" hits="0" branch="false"/>
            <line number="422" hits="0" branch="true" condition-coverage="0% (0/1)"/>
            <line number="423" hits="0" branch="false"/>
            <line number="427" hits="0" branch="true" condition-coverage="0% (0/3)"/>
            <line number="428" hits="0" branch="false"/>
            <line number="429" hits="0" branch="true" condition-coverage="0% (0/1)"/>
            <line number="430" hits="0" branch="false"/>
            <line number="436" hits="0" branch="true" condition-coverage="0% (0/1)"/>
            <line number="437" hits="0" branch="false"/>
            <line number="440" hits="0" branch="false"/>
            <line number="448" hits="2" branch="false"/>
            <line number="449" hits="2" branch="false"/>
            <line number="453" hits="0" branch="false"/>
            <line number="455" hits="0" branch="false"/>
            <line number="456" hits="0" branch="false"/>
            <line number="458" hits="0" branch="false"/>
            <line number="462" hits="0" branch="false"/>
            <line number="465" hits="0" branch="false"/>
            <line number="466" hits="0" branch="false"/>
            <line number="467" hits="0" branch="false"/>
            <line number="471" hits="0" branch="false"/>
            <line number="475" hits="0" branch="false"/>
            <line number="478" hits="0" branch="false"/>
            <line number="479" hits="0" branch="false"/>
            <line number="480" hits="0" branch="false"/>
            <line number="484" hits="0" branch="false"/>
            <line number="488" hits="0" branch="false"/>
            <line number="491" hits="0" branch="false"/>
            <line number="492" hits="0" branch="false"/>
            <line number="493" hits="0" branch="false"/>
            <line number="497" hits="0" branch="false"/>
            <line number="501" hits="0" branch="false"/>
            <line number="504" hits="0" branch="false"/>
            <line number="505" hits="0" branch="false"/>
            <line number="506" hits="0" branch="false"/>
            <line number="510" hits="0" branch="false"/>
            <line number="514" hits="0" branch="false"/>
            <line number="515" hits="0" branch="false"/>
            <line number="516" hits="0" branch="false"/>
            <line number="520" hits="0" branch="false"/>
            <line number="524" hits="0" branch="false"/>
            <line number="528" hits="0" branch="false"/>
            <line number="529" hits="0" branch="false"/>
            <line number="530" hits="0" branch="false"/>
            <line number="534" hits="0" branch="true" condition-coverage="0% (0/1)"/>
            <line number="535" hits="0" branch="false"/>
            <line number="536" hits="0" branch="false"/>
            <line number="542" hits="0" branch="false"/>
            <line number="546" hits="0" branch="false"/>
            <line number="549" hits="0" branch="false"/>
            <line number="550" hits="0" branch="false"/>
            <line number="551" hits="0" branch="false"/>
            <line number="552" hits="0" branch="false"/>
            <line number="553" hits="0" branch="false"/>
            <line number="554" hits="0" branch="false"/>
            <line number="555" hits="0" branch="false"/>
            <line number="556" hits="0" branch="false"/>
            <line number="557" hits="0" branch="false"/>
            <line number="558" hits="0" branch="false"/>
            <line number="561" hits="0" branch="false"/>
            <line number="562" hits="0" branch="false"/>
            <line number="563" hits="0" branch="false"/>
            <line number="564" hits="0" branch="false"/>
          </lines>
        </class>
      </classes>
    </package>
  </packages>
</coverage>
