<?xml version="1.0" encoding="UTF-8"?>
<testsuites name="jest tests" tests="26" failures="0" errors="0" time="0.644">
  <testsuite name="GitHub API Interactions" errors="0" failures="0" skipped="0" timestamp="2025-05-02T23:32:51" time="0.348" tests="16">
    <testcase classname="GitHub API Interactions getWikiPages should retrieve and filter wiki pages correctly" name="GitHub API Interactions getWikiPages should retrieve and filter wiki pages correctly" time="0.003">
    </testcase>
    <testcase classname="GitHub API Interactions getWikiPages should handle empty repository" name="GitHub API Interactions getWikiPages should handle empty repository" time="0">
    </testcase>
    <testcase classname="GitHub API Interactions getWikiPages should handle API errors" name="GitHub API Interactions getWikiPages should handle API errors" time="0.005">
    </testcase>
    <testcase classname="GitHub API Interactions getWikiPages should handle undefined octokit" name="GitHub API Interactions getWikiPages should handle undefined octokit" time="0">
    </testcase>
    <testcase classname="GitHub API Interactions getWikiPageContent should retrieve and decode page content" name="GitHub API Interactions getWikiPageContent should retrieve and decode page content" time="0">
    </testcase>
    <testcase classname="GitHub API Interactions getWikiPageContent should retrieve content for pages in subfolders" name="GitHub API Interactions getWikiPageContent should retrieve content for pages in subfolders" time="0">
    </testcase>
    <testcase classname="GitHub API Interactions getWikiPageContent should handle API errors" name="GitHub API Interactions getWikiPageContent should handle API errors" time="0.012">
    </testcase>
    <testcase classname="GitHub API Interactions getWikiPageContent should handle directory response instead of file" name="GitHub API Interactions getWikiPageContent should handle directory response instead of file" time="0.011">
    </testcase>
    <testcase classname="GitHub API Interactions getWikiPageContent should handle empty content" name="GitHub API Interactions getWikiPageContent should handle empty content" time="0.002">
    </testcase>
    <testcase classname="GitHub API Interactions getWikiPageContent should handle undefined octokit" name="GitHub API Interactions getWikiPageContent should handle undefined octokit" time="0.001">
    </testcase>
    <testcase classname="GitHub API Interactions updateWikiPage should update existing wiki page" name="GitHub API Interactions updateWikiPage should update existing wiki page" time="0">
    </testcase>
    <testcase classname="GitHub API Interactions updateWikiPage should create new wiki page when it does not exist" name="GitHub API Interactions updateWikiPage should create new wiki page when it does not exist" time="0.001">
    </testcase>
    <testcase classname="GitHub API Interactions updateWikiPage should handle directory response instead of file" name="GitHub API Interactions updateWikiPage should handle directory response instead of file" time="0.001">
    </testcase>
    <testcase classname="GitHub API Interactions updateWikiPage should handle response without SHA" name="GitHub API Interactions updateWikiPage should handle response without SHA" time="0.001">
    </testcase>
    <testcase classname="GitHub API Interactions updateWikiPage should handle API errors during update" name="GitHub API Interactions updateWikiPage should handle API errors during update" time="0.003">
    </testcase>
    <testcase classname="GitHub API Interactions updateWikiPage should handle undefined octokit" name="GitHub API Interactions updateWikiPage should handle undefined octokit" time="0">
    </testcase>
  </testsuite>
  <testsuite name="GitHub Wiki Sync Settings" errors="0" failures="0" skipped="0" timestamp="2025-05-02T23:32:52" time="0.019" tests="5">
    <testcase classname="GitHub Wiki Sync Settings should add settings tab during plugin load" name="GitHub Wiki Sync Settings should add settings tab during plugin load" time="0">
    </testcase>
    <testcase classname="GitHub Wiki Sync Settings should save settings and reinitialize GitHub" name="GitHub Wiki Sync Settings should save settings and reinitialize GitHub" time="0.001">
    </testcase>
    <testcase classname="GitHub Wiki Sync Settings should handle sync-on-save setting correctly" name="GitHub Wiki Sync Settings should handle sync-on-save setting correctly" time="0">
    </testcase>
    <testcase classname="GitHub Wiki Sync Settings should add commands during plugin load" name="GitHub Wiki Sync Settings should add commands during plugin load" time="0">
    </testcase>
    <testcase classname="GitHub Wiki Sync Settings should clear interval on plugin unload" name="GitHub Wiki Sync Settings should clear interval on plugin unload" time="0">
    </testcase>
  </testsuite>
  <testsuite name="GitHub Wiki Sync Functionality" errors="0" failures="0" skipped="0" timestamp="2025-05-02T23:32:52" time="0.017" tests="5">
    <testcase classname="GitHub Wiki Sync Functionality should pull from GitHub Wiki" name="GitHub Wiki Sync Functionality should pull from GitHub Wiki" time="0.001">
    </testcase>
    <testcase classname="GitHub Wiki Sync Functionality should push to GitHub Wiki" name="GitHub Wiki Sync Functionality should push to GitHub Wiki" time="0">
    </testcase>
    <testcase classname="GitHub Wiki Sync Functionality should sync with GitHub Wiki" name="GitHub Wiki Sync Functionality should sync with GitHub Wiki" time="0.001">
    </testcase>
    <testcase classname="GitHub Wiki Sync Functionality should not sync when GitHub is not configured" name="GitHub Wiki Sync Functionality should not sync when GitHub is not configured" time="0">
    </testcase>
    <testcase classname="GitHub Wiki Sync Functionality should push single file to GitHub" name="GitHub Wiki Sync Functionality should push single file to GitHub" time="0">
    </testcase>
  </testsuite>
</testsuites>