<?xml version="1.0" encoding="UTF-8"?>
<testsuites name="jest tests" tests="81" failures="27" errors="0" time="1.325">
  <testsuite name="GitHub Wiki Sync Settings" errors="0" failures="0" skipped="0" timestamp="2025-05-02T22:23:03" time="0.594" tests="5">
    <testcase classname="GitHub Wiki Sync Settings should add settings tab during plugin load" name="GitHub Wiki Sync Settings should add settings tab during plugin load" time="0.002">
    </testcase>
    <testcase classname="GitHub Wiki Sync Settings should save settings and reinitialize GitHub" name="GitHub Wiki Sync Settings should save settings and reinitialize GitHub" time="0.001">
    </testcase>
    <testcase classname="GitHub Wiki Sync Settings should handle sync-on-save setting correctly" name="GitHub Wiki Sync Settings should handle sync-on-save setting correctly" time="0">
    </testcase>
    <testcase classname="GitHub Wiki Sync Settings should add commands during plugin load" name="GitHub Wiki Sync Settings should add commands during plugin load" time="0.001">
    </testcase>
    <testcase classname="GitHub Wiki Sync Settings should clear interval on plugin unload" name="GitHub Wiki Sync Settings should clear interval on plugin unload" time="0">
    </testcase>
  </testsuite>
  <testsuite name="GitHub Wiki Sync Plugin" errors="0" failures="0" skipped="0" timestamp="2025-05-02T22:23:03" time="0.614" tests="7">
    <testcase classname="GitHub Wiki Sync Plugin should initialize plugin" name="GitHub Wiki Sync Plugin should initialize plugin" time="0.002">
    </testcase>
    <testcase classname="GitHub Wiki Sync Plugin should initialize GitHub client when token is present" name="GitHub Wiki Sync Plugin should initialize GitHub client when token is present" time="0">
    </testcase>
    <testcase classname="GitHub Wiki Sync Plugin should not initialize GitHub client when token is not present" name="GitHub Wiki Sync Plugin should not initialize GitHub client when token is not present" time="0.004">
    </testcase>
    <testcase classname="GitHub Wiki Sync Plugin should setup auto sync when interval is set" name="GitHub Wiki Sync Plugin should setup auto sync when interval is set" time="0">
    </testcase>
    <testcase classname="GitHub Wiki Sync Plugin should not setup auto sync when interval is 0" name="GitHub Wiki Sync Plugin should not setup auto sync when interval is 0" time="0">
    </testcase>
    <testcase classname="GitHub Wiki Sync Plugin should update status bar item" name="GitHub Wiki Sync Plugin should update status bar item" time="0">
    </testcase>
    <testcase classname="GitHub Wiki Sync Plugin should correctly convert between wiki names and local paths" name="GitHub Wiki Sync Plugin should correctly convert between wiki names and local paths" time="0">
    </testcase>
  </testsuite>
  <testsuite name="GitHub Wiki Sync Functionality" errors="0" failures="0" skipped="0" timestamp="2025-05-02T22:23:03" time="0.617" tests="5">
    <testcase classname="GitHub Wiki Sync Functionality should pull from GitHub Wiki" name="GitHub Wiki Sync Functionality should pull from GitHub Wiki" time="0.003">
    </testcase>
    <testcase classname="GitHub Wiki Sync Functionality should push to GitHub Wiki" name="GitHub Wiki Sync Functionality should push to GitHub Wiki" time="0">
    </testcase>
    <testcase classname="GitHub Wiki Sync Functionality should sync with GitHub Wiki" name="GitHub Wiki Sync Functionality should sync with GitHub Wiki" time="0.005">
    </testcase>
    <testcase classname="GitHub Wiki Sync Functionality should not sync when GitHub is not configured" name="GitHub Wiki Sync Functionality should not sync when GitHub is not configured" time="0">
    </testcase>
    <testcase classname="GitHub Wiki Sync Functionality should push single file to GitHub" name="GitHub Wiki Sync Functionality should push single file to GitHub" time="0.001">
    </testcase>
  </testsuite>
  <testsuite name="GitHub API Component Tests" errors="0" failures="1" skipped="0" timestamp="2025-05-02T22:23:03" time="0.632" tests="5">
    <testcase classname="GitHub API Component Tests getWikiPages formats tree data correctly" name="GitHub API Component Tests getWikiPages formats tree data correctly" time="0.017">
    </testcase>
    <testcase classname="GitHub API Component Tests getWikiPageContent fetches and decodes content" name="GitHub API Component Tests getWikiPageContent fetches and decodes content" time="0.001">
    </testcase>
    <testcase classname="GitHub API Component Tests updateWikiPage creates a new file when it doesn&apos;t exist" name="GitHub API Component Tests updateWikiPage creates a new file when it doesn&apos;t exist" time="0.004">
    </testcase>
    <testcase classname="GitHub API Component Tests updateWikiPage updates existing file with SHA" name="GitHub API Component Tests updateWikiPage updates existing file with SHA" time="0.001">
    </testcase>
    <testcase classname="GitHub API Component Tests handles errors gracefully" name="GitHub API Component Tests handles errors gracefully" time="0.022">
      <failure>Error: expect(jest.fn()).toHaveBeenCalledWith(...expected)

Expected: &quot;GitHub Wiki: Pulling...&quot;

Number of calls: 0
    at /Users/c0305/WebstormProjects/obsidian-github-plugin/tests/components/github-api.test.ts:174:42
    at Generator.next (&lt;anonymous&gt;)
    at fulfilled (/Users/c0305/WebstormProjects/obsidian-github-plugin/node_modules/tslib/tslib.js:115:62)
    at processTicksAndRejections (node:internal/process/task_queues:105:5)</failure>
    </testcase>
  </testsuite>
  <testsuite name="Sync Performance Tests" errors="0" failures="2" skipped="0" timestamp="2025-05-02T22:23:03" time="0.63" tests="2">
    <testcase classname="Sync Performance Tests Pull performance with 100 wiki pages" name="Sync Performance Tests Pull performance with 100 wiki pages" time="0.067">
      <failure>Error: expect(jest.fn()).toHaveBeenCalled()

Expected number of calls: &gt;= 1
Received number of calls:    0
    at /Users/c0305/WebstormProjects/obsidian-github-plugin/tests/performance/sync-performance.test.ts:190:37
    at Generator.next (&lt;anonymous&gt;)
    at fulfilled (/Users/c0305/WebstormProjects/obsidian-github-plugin/node_modules/tslib/tslib.js:115:62)
    at processTicksAndRejections (node:internal/process/task_queues:105:5)</failure>
    </testcase>
    <testcase classname="Sync Performance Tests Push performance with 100 local pages" name="Sync Performance Tests Push performance with 100 local pages" time="0.002">
      <failure>Error: expect(jest.fn()).toHaveBeenCalledTimes(expected)

Expected number of calls: 100
Received number of calls: 0
    at /Users/c0305/WebstormProjects/obsidian-github-plugin/tests/performance/sync-performance.test.ts:213:28
    at Generator.next (&lt;anonymous&gt;)
    at fulfilled (/Users/c0305/WebstormProjects/obsidian-github-plugin/node_modules/tslib/tslib.js:115:62)
    at processTicksAndRejections (node:internal/process/task_queues:105:5)</failure>
    </testcase>
  </testsuite>
  <testsuite name="GitHub Wiki Sync E2E Flow" errors="0" failures="8" skipped="0" timestamp="2025-05-02T22:23:03" time="0.644" tests="8">
    <testcase classname="GitHub Wiki Sync E2E Flow Pull from GitHub brings in new remote files" name="GitHub Wiki Sync E2E Flow Pull from GitHub brings in new remote files" time="0.003">
      <failure>TypeError: Cannot read properties of undefined (reading &apos;setText&apos;)
    at GitHubWikiSyncPlugin.setText [as updateStatusBarItem] (/Users/c0305/WebstormProjects/obsidian-github-plugin/main.ts:133:23)
    at GitHubWikiSyncPlugin.updateStatusBarItem (/Users/c0305/WebstormProjects/obsidian-github-plugin/main.ts:172:8)
    at Generator.next (&lt;anonymous&gt;)
    at /Users/c0305/WebstormProjects/obsidian-github-plugin/node_modules/tslib/tslib.js:118:75
    at new Promise (&lt;anonymous&gt;)
    at Object.__awaiter (/Users/c0305/WebstormProjects/obsidian-github-plugin/node_modules/tslib/tslib.js:114:16)
    at GitHubWikiSyncPlugin.pullFromGitHub (/Users/c0305/WebstormProjects/obsidian-github-plugin/main.ts:6855:20)
    at E2ETestEnvironment.&lt;anonymous&gt; (/Users/c0305/WebstormProjects/obsidian-github-plugin/tests/e2e/setup.ts:221:23)
    at Generator.next (&lt;anonymous&gt;)
    at /Users/c0305/WebstormProjects/obsidian-github-plugin/node_modules/tslib/tslib.js:118:75
    at new Promise (&lt;anonymous&gt;)
    at Object.__awaiter (/Users/c0305/WebstormProjects/obsidian-github-plugin/node_modules/tslib/tslib.js:114:16)
    at E2ETestEnvironment.performPull (/Users/c0305/WebstormProjects/obsidian-github-plugin/tests/e2e/setup.ts:191:24)
    at /Users/c0305/WebstormProjects/obsidian-github-plugin/tests/e2e/sync-flow.test.ts:27:15
    at Generator.next (&lt;anonymous&gt;)
    at /Users/c0305/WebstormProjects/obsidian-github-plugin/node_modules/tslib/tslib.js:118:75
    at new Promise (&lt;anonymous&gt;)
    at Object.__awaiter (/Users/c0305/WebstormProjects/obsidian-github-plugin/node_modules/tslib/tslib.js:114:16)
    at Object.&lt;anonymous&gt; (/Users/c0305/WebstormProjects/obsidian-github-plugin/tests/e2e/sync-flow.test.ts:21:66)
    at Promise.then.completed (/Users/c0305/WebstormProjects/obsidian-github-plugin/node_modules/jest-circus/build/utils.js:298:28)
    at new Promise (&lt;anonymous&gt;)
    at callAsyncCircusFn (/Users/c0305/WebstormProjects/obsidian-github-plugin/node_modules/jest-circus/build/utils.js:231:10)
    at _callCircusTest (/Users/c0305/WebstormProjects/obsidian-github-plugin/node_modules/jest-circus/build/run.js:316:40)
    at processTicksAndRejections (node:internal/process/task_queues:105:5)
    at _runTest (/Users/c0305/WebstormProjects/obsidian-github-plugin/node_modules/jest-circus/build/run.js:252:3)
    at _runTestsForDescribeBlock (/Users/c0305/WebstormProjects/obsidian-github-plugin/node_modules/jest-circus/build/run.js:126:9)
    at _runTestsForDescribeBlock (/Users/c0305/WebstormProjects/obsidian-github-plugin/node_modules/jest-circus/build/run.js:121:9)
    at run (/Users/c0305/WebstormProjects/obsidian-github-plugin/node_modules/jest-circus/build/run.js:71:3)
    at runAndTransformResultsToJestFormat (/Users/c0305/WebstormProjects/obsidian-github-plugin/node_modules/jest-circus/build/legacy-code-todo-rewrite/jestAdapterInit.js:122:21)
    at jestAdapter (/Users/c0305/WebstormProjects/obsidian-github-plugin/node_modules/jest-circus/build/legacy-code-todo-rewrite/jestAdapter.js:79:19)
    at runTestInternal (/Users/c0305/WebstormProjects/obsidian-github-plugin/node_modules/jest-runner/build/runTest.js:367:16)
    at runTest (/Users/c0305/WebstormProjects/obsidian-github-plugin/node_modules/jest-runner/build/runTest.js:444:34)
    at Object.worker (/Users/c0305/WebstormProjects/obsidian-github-plugin/node_modules/jest-runner/build/testWorker.js:106:12)</failure>
    </testcase>
    <testcase classname="GitHub Wiki Sync E2E Flow Push to GitHub sends local changes to remote" name="GitHub Wiki Sync E2E Flow Push to GitHub sends local changes to remote" time="0.001">
      <failure>TypeError: Cannot read properties of undefined (reading &apos;setText&apos;)
    at GitHubWikiSyncPlugin.setText [as updateStatusBarItem] (/Users/c0305/WebstormProjects/obsidian-github-plugin/main.ts:133:23)
    at GitHubWikiSyncPlugin.updateStatusBarItem (/Users/c0305/WebstormProjects/obsidian-github-plugin/main.ts:224:8)
    at Generator.next (&lt;anonymous&gt;)
    at /Users/c0305/WebstormProjects/obsidian-github-plugin/node_modules/tslib/tslib.js:118:75
    at new Promise (&lt;anonymous&gt;)
    at Object.__awaiter (/Users/c0305/WebstormProjects/obsidian-github-plugin/node_modules/tslib/tslib.js:114:16)
    at GitHubWikiSyncPlugin.pushToGitHub (/Users/c0305/WebstormProjects/obsidian-github-plugin/main.ts:6994:20)
    at E2ETestEnvironment.&lt;anonymous&gt; (/Users/c0305/WebstormProjects/obsidian-github-plugin/tests/e2e/setup.ts:236:23)
    at Generator.next (&lt;anonymous&gt;)
    at /Users/c0305/WebstormProjects/obsidian-github-plugin/node_modules/tslib/tslib.js:118:75
    at new Promise (&lt;anonymous&gt;)
    at Object.__awaiter (/Users/c0305/WebstormProjects/obsidian-github-plugin/node_modules/tslib/tslib.js:114:16)
    at E2ETestEnvironment.performPush (/Users/c0305/WebstormProjects/obsidian-github-plugin/tests/e2e/setup.ts:205:24)
    at /Users/c0305/WebstormProjects/obsidian-github-plugin/tests/e2e/sync-flow.test.ts:42:15
    at Generator.next (&lt;anonymous&gt;)
    at /Users/c0305/WebstormProjects/obsidian-github-plugin/node_modules/tslib/tslib.js:118:75
    at new Promise (&lt;anonymous&gt;)
    at Object.__awaiter (/Users/c0305/WebstormProjects/obsidian-github-plugin/node_modules/tslib/tslib.js:114:16)
    at Object.&lt;anonymous&gt; (/Users/c0305/WebstormProjects/obsidian-github-plugin/tests/e2e/sync-flow.test.ts:37:67)
    at Promise.then.completed (/Users/c0305/WebstormProjects/obsidian-github-plugin/node_modules/jest-circus/build/utils.js:298:28)
    at new Promise (&lt;anonymous&gt;)
    at callAsyncCircusFn (/Users/c0305/WebstormProjects/obsidian-github-plugin/node_modules/jest-circus/build/utils.js:231:10)
    at _callCircusTest (/Users/c0305/WebstormProjects/obsidian-github-plugin/node_modules/jest-circus/build/run.js:316:40)
    at processTicksAndRejections (node:internal/process/task_queues:105:5)
    at _runTest (/Users/c0305/WebstormProjects/obsidian-github-plugin/node_modules/jest-circus/build/run.js:252:3)
    at _runTestsForDescribeBlock (/Users/c0305/WebstormProjects/obsidian-github-plugin/node_modules/jest-circus/build/run.js:126:9)
    at _runTestsForDescribeBlock (/Users/c0305/WebstormProjects/obsidian-github-plugin/node_modules/jest-circus/build/run.js:121:9)
    at run (/Users/c0305/WebstormProjects/obsidian-github-plugin/node_modules/jest-circus/build/run.js:71:3)
    at runAndTransformResultsToJestFormat (/Users/c0305/WebstormProjects/obsidian-github-plugin/node_modules/jest-circus/build/legacy-code-todo-rewrite/jestAdapterInit.js:122:21)
    at jestAdapter (/Users/c0305/WebstormProjects/obsidian-github-plugin/node_modules/jest-circus/build/legacy-code-todo-rewrite/jestAdapter.js:79:19)
    at runTestInternal (/Users/c0305/WebstormProjects/obsidian-github-plugin/node_modules/jest-runner/build/runTest.js:367:16)
    at runTest (/Users/c0305/WebstormProjects/obsidian-github-plugin/node_modules/jest-runner/build/runTest.js:444:34)
    at Object.worker (/Users/c0305/WebstormProjects/obsidian-github-plugin/node_modules/jest-runner/build/testWorker.js:106:12)</failure>
    </testcase>
    <testcase classname="GitHub Wiki Sync E2E Flow Full sync performs bidirectional synchronization" name="GitHub Wiki Sync E2E Flow Full sync performs bidirectional synchronization" time="0.001">
      <failure>TypeError: Cannot read properties of undefined (reading &apos;setText&apos;)
    at GitHubWikiSyncPlugin.setText [as updateStatusBarItem] (/Users/c0305/WebstormProjects/obsidian-github-plugin/main.ts:133:23)
    at GitHubWikiSyncPlugin.updateStatusBarItem (/Users/c0305/WebstormProjects/obsidian-github-plugin/main.ts:150:8)
    at Generator.next (&lt;anonymous&gt;)
    at /Users/c0305/WebstormProjects/obsidian-github-plugin/node_modules/tslib/tslib.js:118:75
    at new Promise (&lt;anonymous&gt;)
    at Object.__awaiter (/Users/c0305/WebstormProjects/obsidian-github-plugin/node_modules/tslib/tslib.js:114:16)
    at GitHubWikiSyncPlugin.syncWithGitHub (/Users/c0305/WebstormProjects/obsidian-github-plugin/main.ts:6798:20)
    at E2ETestEnvironment.&lt;anonymous&gt; (/Users/c0305/WebstormProjects/obsidian-github-plugin/tests/e2e/setup.ts:206:23)
    at Generator.next (&lt;anonymous&gt;)
    at /Users/c0305/WebstormProjects/obsidian-github-plugin/node_modules/tslib/tslib.js:118:75
    at new Promise (&lt;anonymous&gt;)
    at Object.__awaiter (/Users/c0305/WebstormProjects/obsidian-github-plugin/node_modules/tslib/tslib.js:114:16)
    at E2ETestEnvironment.performFullSync (/Users/c0305/WebstormProjects/obsidian-github-plugin/tests/e2e/setup.ts:177:24)
    at /Users/c0305/WebstormProjects/obsidian-github-plugin/tests/e2e/sync-flow.test.ts:57:15
    at Generator.next (&lt;anonymous&gt;)
    at /Users/c0305/WebstormProjects/obsidian-github-plugin/node_modules/tslib/tslib.js:118:75
    at new Promise (&lt;anonymous&gt;)
    at Object.__awaiter (/Users/c0305/WebstormProjects/obsidian-github-plugin/node_modules/tslib/tslib.js:114:16)
    at Object.&lt;anonymous&gt; (/Users/c0305/WebstormProjects/obsidian-github-plugin/tests/e2e/sync-flow.test.ts:49:71)
    at Promise.then.completed (/Users/c0305/WebstormProjects/obsidian-github-plugin/node_modules/jest-circus/build/utils.js:298:28)
    at new Promise (&lt;anonymous&gt;)
    at callAsyncCircusFn (/Users/c0305/WebstormProjects/obsidian-github-plugin/node_modules/jest-circus/build/utils.js:231:10)
    at _callCircusTest (/Users/c0305/WebstormProjects/obsidian-github-plugin/node_modules/jest-circus/build/run.js:316:40)
    at processTicksAndRejections (node:internal/process/task_queues:105:5)
    at _runTest (/Users/c0305/WebstormProjects/obsidian-github-plugin/node_modules/jest-circus/build/run.js:252:3)
    at _runTestsForDescribeBlock (/Users/c0305/WebstormProjects/obsidian-github-plugin/node_modules/jest-circus/build/run.js:126:9)
    at _runTestsForDescribeBlock (/Users/c0305/WebstormProjects/obsidian-github-plugin/node_modules/jest-circus/build/run.js:121:9)
    at run (/Users/c0305/WebstormProjects/obsidian-github-plugin/node_modules/jest-circus/build/run.js:71:3)
    at runAndTransformResultsToJestFormat (/Users/c0305/WebstormProjects/obsidian-github-plugin/node_modules/jest-circus/build/legacy-code-todo-rewrite/jestAdapterInit.js:122:21)
    at jestAdapter (/Users/c0305/WebstormProjects/obsidian-github-plugin/node_modules/jest-circus/build/legacy-code-todo-rewrite/jestAdapter.js:79:19)
    at runTestInternal (/Users/c0305/WebstormProjects/obsidian-github-plugin/node_modules/jest-runner/build/runTest.js:367:16)
    at runTest (/Users/c0305/WebstormProjects/obsidian-github-plugin/node_modules/jest-runner/build/runTest.js:444:34)
    at Object.worker (/Users/c0305/WebstormProjects/obsidian-github-plugin/node_modules/jest-runner/build/testWorker.js:106:12)</failure>
    </testcase>
    <testcase classname="GitHub Wiki Sync E2E Flow Modified files are synchronized correctly" name="GitHub Wiki Sync E2E Flow Modified files are synchronized correctly" time="0">
      <failure>TypeError: Cannot read properties of undefined (reading &apos;setText&apos;)
    at GitHubWikiSyncPlugin.setText [as updateStatusBarItem] (/Users/c0305/WebstormProjects/obsidian-github-plugin/main.ts:133:23)
    at GitHubWikiSyncPlugin.updateStatusBarItem (/Users/c0305/WebstormProjects/obsidian-github-plugin/main.ts:150:8)
    at Generator.next (&lt;anonymous&gt;)
    at /Users/c0305/WebstormProjects/obsidian-github-plugin/node_modules/tslib/tslib.js:118:75
    at new Promise (&lt;anonymous&gt;)
    at Object.__awaiter (/Users/c0305/WebstormProjects/obsidian-github-plugin/node_modules/tslib/tslib.js:114:16)
    at GitHubWikiSyncPlugin.syncWithGitHub (/Users/c0305/WebstormProjects/obsidian-github-plugin/main.ts:6798:20)
    at E2ETestEnvironment.&lt;anonymous&gt; (/Users/c0305/WebstormProjects/obsidian-github-plugin/tests/e2e/setup.ts:206:23)
    at Generator.next (&lt;anonymous&gt;)
    at /Users/c0305/WebstormProjects/obsidian-github-plugin/node_modules/tslib/tslib.js:118:75
    at new Promise (&lt;anonymous&gt;)
    at Object.__awaiter (/Users/c0305/WebstormProjects/obsidian-github-plugin/node_modules/tslib/tslib.js:114:16)
    at E2ETestEnvironment.performFullSync (/Users/c0305/WebstormProjects/obsidian-github-plugin/tests/e2e/setup.ts:177:24)
    at /Users/c0305/WebstormProjects/obsidian-github-plugin/tests/e2e/sync-flow.test.ts:69:15
    at Generator.next (&lt;anonymous&gt;)
    at /Users/c0305/WebstormProjects/obsidian-github-plugin/node_modules/tslib/tslib.js:118:75
    at new Promise (&lt;anonymous&gt;)
    at Object.__awaiter (/Users/c0305/WebstormProjects/obsidian-github-plugin/node_modules/tslib/tslib.js:114:16)
    at Object.&lt;anonymous&gt; (/Users/c0305/WebstormProjects/obsidian-github-plugin/tests/e2e/sync-flow.test.ts:64:64)
    at Promise.then.completed (/Users/c0305/WebstormProjects/obsidian-github-plugin/node_modules/jest-circus/build/utils.js:298:28)
    at new Promise (&lt;anonymous&gt;)
    at callAsyncCircusFn (/Users/c0305/WebstormProjects/obsidian-github-plugin/node_modules/jest-circus/build/utils.js:231:10)
    at _callCircusTest (/Users/c0305/WebstormProjects/obsidian-github-plugin/node_modules/jest-circus/build/run.js:316:40)
    at processTicksAndRejections (node:internal/process/task_queues:105:5)
    at _runTest (/Users/c0305/WebstormProjects/obsidian-github-plugin/node_modules/jest-circus/build/run.js:252:3)
    at _runTestsForDescribeBlock (/Users/c0305/WebstormProjects/obsidian-github-plugin/node_modules/jest-circus/build/run.js:126:9)
    at _runTestsForDescribeBlock (/Users/c0305/WebstormProjects/obsidian-github-plugin/node_modules/jest-circus/build/run.js:121:9)
    at run (/Users/c0305/WebstormProjects/obsidian-github-plugin/node_modules/jest-circus/build/run.js:71:3)
    at runAndTransformResultsToJestFormat (/Users/c0305/WebstormProjects/obsidian-github-plugin/node_modules/jest-circus/build/legacy-code-todo-rewrite/jestAdapterInit.js:122:21)
    at jestAdapter (/Users/c0305/WebstormProjects/obsidian-github-plugin/node_modules/jest-circus/build/legacy-code-todo-rewrite/jestAdapter.js:79:19)
    at runTestInternal (/Users/c0305/WebstormProjects/obsidian-github-plugin/node_modules/jest-runner/build/runTest.js:367:16)
    at runTest (/Users/c0305/WebstormProjects/obsidian-github-plugin/node_modules/jest-runner/build/runTest.js:444:34)
    at Object.worker (/Users/c0305/WebstormProjects/obsidian-github-plugin/node_modules/jest-runner/build/testWorker.js:106:12)</failure>
    </testcase>
    <testcase classname="GitHub Wiki Sync E2E Flow File with same content is not updated during sync" name="GitHub Wiki Sync E2E Flow File with same content is not updated during sync" time="0.001">
      <failure>TypeError: Cannot read properties of undefined (reading &apos;setText&apos;)
    at GitHubWikiSyncPlugin.setText [as updateStatusBarItem] (/Users/c0305/WebstormProjects/obsidian-github-plugin/main.ts:133:23)
    at GitHubWikiSyncPlugin.updateStatusBarItem (/Users/c0305/WebstormProjects/obsidian-github-plugin/main.ts:150:8)
    at Generator.next (&lt;anonymous&gt;)
    at /Users/c0305/WebstormProjects/obsidian-github-plugin/node_modules/tslib/tslib.js:118:75
    at new Promise (&lt;anonymous&gt;)
    at Object.__awaiter (/Users/c0305/WebstormProjects/obsidian-github-plugin/node_modules/tslib/tslib.js:114:16)
    at GitHubWikiSyncPlugin.syncWithGitHub (/Users/c0305/WebstormProjects/obsidian-github-plugin/main.ts:6798:20)
    at E2ETestEnvironment.&lt;anonymous&gt; (/Users/c0305/WebstormProjects/obsidian-github-plugin/tests/e2e/setup.ts:206:23)
    at Generator.next (&lt;anonymous&gt;)
    at /Users/c0305/WebstormProjects/obsidian-github-plugin/node_modules/tslib/tslib.js:118:75
    at new Promise (&lt;anonymous&gt;)
    at Object.__awaiter (/Users/c0305/WebstormProjects/obsidian-github-plugin/node_modules/tslib/tslib.js:114:16)
    at E2ETestEnvironment.performFullSync (/Users/c0305/WebstormProjects/obsidian-github-plugin/tests/e2e/setup.ts:177:24)
    at /Users/c0305/WebstormProjects/obsidian-github-plugin/tests/e2e/sync-flow.test.ts:96:15
    at Generator.next (&lt;anonymous&gt;)
    at /Users/c0305/WebstormProjects/obsidian-github-plugin/node_modules/tslib/tslib.js:118:75
    at new Promise (&lt;anonymous&gt;)
    at Object.__awaiter (/Users/c0305/WebstormProjects/obsidian-github-plugin/node_modules/tslib/tslib.js:114:16)
    at Object.&lt;anonymous&gt; (/Users/c0305/WebstormProjects/obsidian-github-plugin/tests/e2e/sync-flow.test.ts:86:72)
    at Promise.then.completed (/Users/c0305/WebstormProjects/obsidian-github-plugin/node_modules/jest-circus/build/utils.js:298:28)
    at new Promise (&lt;anonymous&gt;)
    at callAsyncCircusFn (/Users/c0305/WebstormProjects/obsidian-github-plugin/node_modules/jest-circus/build/utils.js:231:10)
    at _callCircusTest (/Users/c0305/WebstormProjects/obsidian-github-plugin/node_modules/jest-circus/build/run.js:316:40)
    at processTicksAndRejections (node:internal/process/task_queues:105:5)
    at _runTest (/Users/c0305/WebstormProjects/obsidian-github-plugin/node_modules/jest-circus/build/run.js:252:3)
    at _runTestsForDescribeBlock (/Users/c0305/WebstormProjects/obsidian-github-plugin/node_modules/jest-circus/build/run.js:126:9)
    at _runTestsForDescribeBlock (/Users/c0305/WebstormProjects/obsidian-github-plugin/node_modules/jest-circus/build/run.js:121:9)
    at run (/Users/c0305/WebstormProjects/obsidian-github-plugin/node_modules/jest-circus/build/run.js:71:3)
    at runAndTransformResultsToJestFormat (/Users/c0305/WebstormProjects/obsidian-github-plugin/node_modules/jest-circus/build/legacy-code-todo-rewrite/jestAdapterInit.js:122:21)
    at jestAdapter (/Users/c0305/WebstormProjects/obsidian-github-plugin/node_modules/jest-circus/build/legacy-code-todo-rewrite/jestAdapter.js:79:19)
    at runTestInternal (/Users/c0305/WebstormProjects/obsidian-github-plugin/node_modules/jest-runner/build/runTest.js:367:16)
    at runTest (/Users/c0305/WebstormProjects/obsidian-github-plugin/node_modules/jest-runner/build/runTest.js:444:34)
    at Object.worker (/Users/c0305/WebstormProjects/obsidian-github-plugin/node_modules/jest-runner/build/testWorker.js:106:12)</failure>
    </testcase>
    <testcase classname="GitHub Wiki Sync E2E Flow Conflict resolution: remote changes take precedence on pull" name="GitHub Wiki Sync E2E Flow Conflict resolution: remote changes take precedence on pull" time="0">
      <failure>TypeError: Cannot read properties of undefined (reading &apos;setText&apos;)
    at GitHubWikiSyncPlugin.setText [as updateStatusBarItem] (/Users/c0305/WebstormProjects/obsidian-github-plugin/main.ts:133:23)
    at GitHubWikiSyncPlugin.updateStatusBarItem (/Users/c0305/WebstormProjects/obsidian-github-plugin/main.ts:172:8)
    at Generator.next (&lt;anonymous&gt;)
    at /Users/c0305/WebstormProjects/obsidian-github-plugin/node_modules/tslib/tslib.js:118:75
    at new Promise (&lt;anonymous&gt;)
    at Object.__awaiter (/Users/c0305/WebstormProjects/obsidian-github-plugin/node_modules/tslib/tslib.js:114:16)
    at GitHubWikiSyncPlugin.pullFromGitHub (/Users/c0305/WebstormProjects/obsidian-github-plugin/main.ts:6855:20)
    at E2ETestEnvironment.&lt;anonymous&gt; (/Users/c0305/WebstormProjects/obsidian-github-plugin/tests/e2e/setup.ts:221:23)
    at Generator.next (&lt;anonymous&gt;)
    at /Users/c0305/WebstormProjects/obsidian-github-plugin/node_modules/tslib/tslib.js:118:75
    at new Promise (&lt;anonymous&gt;)
    at Object.__awaiter (/Users/c0305/WebstormProjects/obsidian-github-plugin/node_modules/tslib/tslib.js:114:16)
    at E2ETestEnvironment.performPull (/Users/c0305/WebstormProjects/obsidian-github-plugin/tests/e2e/setup.ts:191:24)
    at /Users/c0305/WebstormProjects/obsidian-github-plugin/tests/e2e/sync-flow.test.ts:109:15
    at Generator.next (&lt;anonymous&gt;)
    at /Users/c0305/WebstormProjects/obsidian-github-plugin/node_modules/tslib/tslib.js:118:75
    at new Promise (&lt;anonymous&gt;)
    at Object.__awaiter (/Users/c0305/WebstormProjects/obsidian-github-plugin/node_modules/tslib/tslib.js:114:16)
    at Object.&lt;anonymous&gt; (/Users/c0305/WebstormProjects/obsidian-github-plugin/tests/e2e/sync-flow.test.ts:103:82)
    at Promise.then.completed (/Users/c0305/WebstormProjects/obsidian-github-plugin/node_modules/jest-circus/build/utils.js:298:28)
    at new Promise (&lt;anonymous&gt;)
    at callAsyncCircusFn (/Users/c0305/WebstormProjects/obsidian-github-plugin/node_modules/jest-circus/build/utils.js:231:10)
    at _callCircusTest (/Users/c0305/WebstormProjects/obsidian-github-plugin/node_modules/jest-circus/build/run.js:316:40)
    at processTicksAndRejections (node:internal/process/task_queues:105:5)
    at _runTest (/Users/c0305/WebstormProjects/obsidian-github-plugin/node_modules/jest-circus/build/run.js:252:3)
    at _runTestsForDescribeBlock (/Users/c0305/WebstormProjects/obsidian-github-plugin/node_modules/jest-circus/build/run.js:126:9)
    at _runTestsForDescribeBlock (/Users/c0305/WebstormProjects/obsidian-github-plugin/node_modules/jest-circus/build/run.js:121:9)
    at run (/Users/c0305/WebstormProjects/obsidian-github-plugin/node_modules/jest-circus/build/run.js:71:3)
    at runAndTransformResultsToJestFormat (/Users/c0305/WebstormProjects/obsidian-github-plugin/node_modules/jest-circus/build/legacy-code-todo-rewrite/jestAdapterInit.js:122:21)
    at jestAdapter (/Users/c0305/WebstormProjects/obsidian-github-plugin/node_modules/jest-circus/build/legacy-code-todo-rewrite/jestAdapter.js:79:19)
    at runTestInternal (/Users/c0305/WebstormProjects/obsidian-github-plugin/node_modules/jest-runner/build/runTest.js:367:16)
    at runTest (/Users/c0305/WebstormProjects/obsidian-github-plugin/node_modules/jest-runner/build/runTest.js:444:34)
    at Object.worker (/Users/c0305/WebstormProjects/obsidian-github-plugin/node_modules/jest-runner/build/testWorker.js:106:12)</failure>
    </testcase>
    <testcase classname="GitHub Wiki Sync E2E Flow Conflict resolution: local changes take precedence on push" name="GitHub Wiki Sync E2E Flow Conflict resolution: local changes take precedence on push" time="0.001">
      <failure>TypeError: Cannot read properties of undefined (reading &apos;setText&apos;)
    at GitHubWikiSyncPlugin.setText [as updateStatusBarItem] (/Users/c0305/WebstormProjects/obsidian-github-plugin/main.ts:133:23)
    at GitHubWikiSyncPlugin.updateStatusBarItem (/Users/c0305/WebstormProjects/obsidian-github-plugin/main.ts:224:8)
    at Generator.next (&lt;anonymous&gt;)
    at /Users/c0305/WebstormProjects/obsidian-github-plugin/node_modules/tslib/tslib.js:118:75
    at new Promise (&lt;anonymous&gt;)
    at Object.__awaiter (/Users/c0305/WebstormProjects/obsidian-github-plugin/node_modules/tslib/tslib.js:114:16)
    at GitHubWikiSyncPlugin.pushToGitHub (/Users/c0305/WebstormProjects/obsidian-github-plugin/main.ts:6994:20)
    at E2ETestEnvironment.&lt;anonymous&gt; (/Users/c0305/WebstormProjects/obsidian-github-plugin/tests/e2e/setup.ts:236:23)
    at Generator.next (&lt;anonymous&gt;)
    at /Users/c0305/WebstormProjects/obsidian-github-plugin/node_modules/tslib/tslib.js:118:75
    at new Promise (&lt;anonymous&gt;)
    at Object.__awaiter (/Users/c0305/WebstormProjects/obsidian-github-plugin/node_modules/tslib/tslib.js:114:16)
    at E2ETestEnvironment.performPush (/Users/c0305/WebstormProjects/obsidian-github-plugin/tests/e2e/setup.ts:205:24)
    at /Users/c0305/WebstormProjects/obsidian-github-plugin/tests/e2e/sync-flow.test.ts:122:15
    at Generator.next (&lt;anonymous&gt;)
    at /Users/c0305/WebstormProjects/obsidian-github-plugin/node_modules/tslib/tslib.js:118:75
    at new Promise (&lt;anonymous&gt;)
    at Object.__awaiter (/Users/c0305/WebstormProjects/obsidian-github-plugin/node_modules/tslib/tslib.js:114:16)
    at Object.&lt;anonymous&gt; (/Users/c0305/WebstormProjects/obsidian-github-plugin/tests/e2e/sync-flow.test.ts:116:81)
    at Promise.then.completed (/Users/c0305/WebstormProjects/obsidian-github-plugin/node_modules/jest-circus/build/utils.js:298:28)
    at new Promise (&lt;anonymous&gt;)
    at callAsyncCircusFn (/Users/c0305/WebstormProjects/obsidian-github-plugin/node_modules/jest-circus/build/utils.js:231:10)
    at _callCircusTest (/Users/c0305/WebstormProjects/obsidian-github-plugin/node_modules/jest-circus/build/run.js:316:40)
    at processTicksAndRejections (node:internal/process/task_queues:105:5)
    at _runTest (/Users/c0305/WebstormProjects/obsidian-github-plugin/node_modules/jest-circus/build/run.js:252:3)
    at _runTestsForDescribeBlock (/Users/c0305/WebstormProjects/obsidian-github-plugin/node_modules/jest-circus/build/run.js:126:9)
    at _runTestsForDescribeBlock (/Users/c0305/WebstormProjects/obsidian-github-plugin/node_modules/jest-circus/build/run.js:121:9)
    at run (/Users/c0305/WebstormProjects/obsidian-github-plugin/node_modules/jest-circus/build/run.js:71:3)
    at runAndTransformResultsToJestFormat (/Users/c0305/WebstormProjects/obsidian-github-plugin/node_modules/jest-circus/build/legacy-code-todo-rewrite/jestAdapterInit.js:122:21)
    at jestAdapter (/Users/c0305/WebstormProjects/obsidian-github-plugin/node_modules/jest-circus/build/legacy-code-todo-rewrite/jestAdapter.js:79:19)
    at runTestInternal (/Users/c0305/WebstormProjects/obsidian-github-plugin/node_modules/jest-runner/build/runTest.js:367:16)
    at runTest (/Users/c0305/WebstormProjects/obsidian-github-plugin/node_modules/jest-runner/build/runTest.js:444:34)
    at Object.worker (/Users/c0305/WebstormProjects/obsidian-github-plugin/node_modules/jest-runner/build/testWorker.js:106:12)</failure>
    </testcase>
    <testcase classname="GitHub Wiki Sync E2E Flow Wiki path is respected during sync operations" name="GitHub Wiki Sync E2E Flow Wiki path is respected during sync operations" time="0">
      <failure>TypeError: Cannot read properties of undefined (reading &apos;setText&apos;)
    at GitHubWikiSyncPlugin.setText [as updateStatusBarItem] (/Users/c0305/WebstormProjects/obsidian-github-plugin/main.ts:133:23)
    at GitHubWikiSyncPlugin.updateStatusBarItem (/Users/c0305/WebstormProjects/obsidian-github-plugin/main.ts:224:8)
    at Generator.next (&lt;anonymous&gt;)
    at /Users/c0305/WebstormProjects/obsidian-github-plugin/node_modules/tslib/tslib.js:118:75
    at new Promise (&lt;anonymous&gt;)
    at Object.__awaiter (/Users/c0305/WebstormProjects/obsidian-github-plugin/node_modules/tslib/tslib.js:114:16)
    at GitHubWikiSyncPlugin.pushToGitHub (/Users/c0305/WebstormProjects/obsidian-github-plugin/main.ts:6994:20)
    at E2ETestEnvironment.&lt;anonymous&gt; (/Users/c0305/WebstormProjects/obsidian-github-plugin/tests/e2e/setup.ts:236:23)
    at Generator.next (&lt;anonymous&gt;)
    at /Users/c0305/WebstormProjects/obsidian-github-plugin/node_modules/tslib/tslib.js:118:75
    at new Promise (&lt;anonymous&gt;)
    at Object.__awaiter (/Users/c0305/WebstormProjects/obsidian-github-plugin/node_modules/tslib/tslib.js:114:16)
    at E2ETestEnvironment.performPush (/Users/c0305/WebstormProjects/obsidian-github-plugin/tests/e2e/setup.ts:205:24)
    at /Users/c0305/WebstormProjects/obsidian-github-plugin/tests/e2e/sync-flow.test.ts:137:15
    at Generator.next (&lt;anonymous&gt;)
    at /Users/c0305/WebstormProjects/obsidian-github-plugin/node_modules/tslib/tslib.js:118:75
    at new Promise (&lt;anonymous&gt;)
    at Object.__awaiter (/Users/c0305/WebstormProjects/obsidian-github-plugin/node_modules/tslib/tslib.js:114:16)
    at Object.&lt;anonymous&gt; (/Users/c0305/WebstormProjects/obsidian-github-plugin/tests/e2e/sync-flow.test.ts:129:68)
    at Promise.then.completed (/Users/c0305/WebstormProjects/obsidian-github-plugin/node_modules/jest-circus/build/utils.js:298:28)
    at new Promise (&lt;anonymous&gt;)
    at callAsyncCircusFn (/Users/c0305/WebstormProjects/obsidian-github-plugin/node_modules/jest-circus/build/utils.js:231:10)
    at _callCircusTest (/Users/c0305/WebstormProjects/obsidian-github-plugin/node_modules/jest-circus/build/run.js:316:40)
    at processTicksAndRejections (node:internal/process/task_queues:105:5)
    at _runTest (/Users/c0305/WebstormProjects/obsidian-github-plugin/node_modules/jest-circus/build/run.js:252:3)
    at _runTestsForDescribeBlock (/Users/c0305/WebstormProjects/obsidian-github-plugin/node_modules/jest-circus/build/run.js:126:9)
    at _runTestsForDescribeBlock (/Users/c0305/WebstormProjects/obsidian-github-plugin/node_modules/jest-circus/build/run.js:121:9)
    at run (/Users/c0305/WebstormProjects/obsidian-github-plugin/node_modules/jest-circus/build/run.js:71:3)
    at runAndTransformResultsToJestFormat (/Users/c0305/WebstormProjects/obsidian-github-plugin/node_modules/jest-circus/build/legacy-code-todo-rewrite/jestAdapterInit.js:122:21)
    at jestAdapter (/Users/c0305/WebstormProjects/obsidian-github-plugin/node_modules/jest-circus/build/legacy-code-todo-rewrite/jestAdapter.js:79:19)
    at runTestInternal (/Users/c0305/WebstormProjects/obsidian-github-plugin/node_modules/jest-runner/build/runTest.js:367:16)
    at runTest (/Users/c0305/WebstormProjects/obsidian-github-plugin/node_modules/jest-runner/build/runTest.js:444:34)
    at Object.worker (/Users/c0305/WebstormProjects/obsidian-github-plugin/node_modules/jest-runner/build/testWorker.js:106:12)</failure>
    </testcase>
  </testsuite>
  <testsuite name="Path Conversion Utilities" errors="0" failures="2" skipped="0" timestamp="2025-05-02T22:23:03" time="0.654" tests="18">
    <testcase classname="Path Conversion Utilities getLocalPath should convert wiki name to local path with wiki folder" name="Path Conversion Utilities getLocalPath should convert wiki name to local path with wiki folder" time="0.002">
    </testcase>
    <testcase classname="Path Conversion Utilities getLocalPath should handle empty wiki path setting" name="Path Conversion Utilities getLocalPath should handle empty wiki path setting" time="0">
    </testcase>
    <testcase classname="Path Conversion Utilities getLocalPath should handle root wiki path" name="Path Conversion Utilities getLocalPath should handle root wiki path" time="0.001">
      <failure>Error: expect(received).toBe(expected) // Object.is equality

Expected: &quot;/Home.md&quot;
Received: &quot;//Home.md&quot;
    at Object.&lt;anonymous&gt; (/Users/c0305/WebstormProjects/obsidian-github-plugin/tests/path-conversion.test.ts:44:43)
    at Promise.then.completed (/Users/c0305/WebstormProjects/obsidian-github-plugin/node_modules/jest-circus/build/utils.js:298:28)
    at new Promise (&lt;anonymous&gt;)
    at callAsyncCircusFn (/Users/c0305/WebstormProjects/obsidian-github-plugin/node_modules/jest-circus/build/utils.js:231:10)
    at _callCircusTest (/Users/c0305/WebstormProjects/obsidian-github-plugin/node_modules/jest-circus/build/run.js:316:40)
    at processTicksAndRejections (node:internal/process/task_queues:105:5)
    at _runTest (/Users/c0305/WebstormProjects/obsidian-github-plugin/node_modules/jest-circus/build/run.js:252:3)
    at _runTestsForDescribeBlock (/Users/c0305/WebstormProjects/obsidian-github-plugin/node_modules/jest-circus/build/run.js:126:9)
    at _runTestsForDescribeBlock (/Users/c0305/WebstormProjects/obsidian-github-plugin/node_modules/jest-circus/build/run.js:121:9)
    at _runTestsForDescribeBlock (/Users/c0305/WebstormProjects/obsidian-github-plugin/node_modules/jest-circus/build/run.js:121:9)
    at run (/Users/c0305/WebstormProjects/obsidian-github-plugin/node_modules/jest-circus/build/run.js:71:3)
    at runAndTransformResultsToJestFormat (/Users/c0305/WebstormProjects/obsidian-github-plugin/node_modules/jest-circus/build/legacy-code-todo-rewrite/jestAdapterInit.js:122:21)
    at jestAdapter (/Users/c0305/WebstormProjects/obsidian-github-plugin/node_modules/jest-circus/build/legacy-code-todo-rewrite/jestAdapter.js:79:19)
    at runTestInternal (/Users/c0305/WebstormProjects/obsidian-github-plugin/node_modules/jest-runner/build/runTest.js:367:16)
    at runTest (/Users/c0305/WebstormProjects/obsidian-github-plugin/node_modules/jest-runner/build/runTest.js:444:34)
    at Object.worker (/Users/c0305/WebstormProjects/obsidian-github-plugin/node_modules/jest-runner/build/testWorker.js:106:12)</failure>
    </testcase>
    <testcase classname="Path Conversion Utilities getLocalPath should handle wiki path with trailing slash" name="Path Conversion Utilities getLocalPath should handle wiki path with trailing slash" time="0.001">
      <failure>Error: expect(received).toBe(expected) // Object.is equality

Expected: &quot;wiki/Home.md&quot;
Received: &quot;wiki//Home.md&quot;
    at Object.&lt;anonymous&gt; (/Users/c0305/WebstormProjects/obsidian-github-plugin/tests/path-conversion.test.ts:49:43)
    at Promise.then.completed (/Users/c0305/WebstormProjects/obsidian-github-plugin/node_modules/jest-circus/build/utils.js:298:28)
    at new Promise (&lt;anonymous&gt;)
    at callAsyncCircusFn (/Users/c0305/WebstormProjects/obsidian-github-plugin/node_modules/jest-circus/build/utils.js:231:10)
    at _callCircusTest (/Users/c0305/WebstormProjects/obsidian-github-plugin/node_modules/jest-circus/build/run.js:316:40)
    at processTicksAndRejections (node:internal/process/task_queues:105:5)
    at _runTest (/Users/c0305/WebstormProjects/obsidian-github-plugin/node_modules/jest-circus/build/run.js:252:3)
    at _runTestsForDescribeBlock (/Users/c0305/WebstormProjects/obsidian-github-plugin/node_modules/jest-circus/build/run.js:126:9)
    at _runTestsForDescribeBlock (/Users/c0305/WebstormProjects/obsidian-github-plugin/node_modules/jest-circus/build/run.js:121:9)
    at _runTestsForDescribeBlock (/Users/c0305/WebstormProjects/obsidian-github-plugin/node_modules/jest-circus/build/run.js:121:9)
    at run (/Users/c0305/WebstormProjects/obsidian-github-plugin/node_modules/jest-circus/build/run.js:71:3)
    at runAndTransformResultsToJestFormat (/Users/c0305/WebstormProjects/obsidian-github-plugin/node_modules/jest-circus/build/legacy-code-todo-rewrite/jestAdapterInit.js:122:21)
    at jestAdapter (/Users/c0305/WebstormProjects/obsidian-github-plugin/node_modules/jest-circus/build/legacy-code-todo-rewrite/jestAdapter.js:79:19)
    at runTestInternal (/Users/c0305/WebstormProjects/obsidian-github-plugin/node_modules/jest-runner/build/runTest.js:367:16)
    at runTest (/Users/c0305/WebstormProjects/obsidian-github-plugin/node_modules/jest-runner/build/runTest.js:444:34)
    at Object.worker (/Users/c0305/WebstormProjects/obsidian-github-plugin/node_modules/jest-runner/build/testWorker.js:106:12)</failure>
    </testcase>
    <testcase classname="Path Conversion Utilities getLocalPath should handle nested wiki paths" name="Path Conversion Utilities getLocalPath should handle nested wiki paths" time="0">
    </testcase>
    <testcase classname="Path Conversion Utilities getLocalPath should handle wiki names with special characters" name="Path Conversion Utilities getLocalPath should handle wiki names with special characters" time="0.001">
    </testcase>
    <testcase classname="Path Conversion Utilities getWikiName should convert local path to wiki name with wiki folder" name="Path Conversion Utilities getWikiName should convert local path to wiki name with wiki folder" time="0">
    </testcase>
    <testcase classname="Path Conversion Utilities getWikiName should handle paths without wiki folder when wiki path is empty" name="Path Conversion Utilities getWikiName should handle paths without wiki folder when wiki path is empty" time="0">
    </testcase>
    <testcase classname="Path Conversion Utilities getWikiName should handle root wiki path" name="Path Conversion Utilities getWikiName should handle root wiki path" time="0">
    </testcase>
    <testcase classname="Path Conversion Utilities getWikiName should handle wiki path with trailing slash" name="Path Conversion Utilities getWikiName should handle wiki path with trailing slash" time="0.001">
    </testcase>
    <testcase classname="Path Conversion Utilities getWikiName should handle nested wiki paths" name="Path Conversion Utilities getWikiName should handle nested wiki paths" time="0">
    </testcase>
    <testcase classname="Path Conversion Utilities getWikiName should handle local paths with special characters" name="Path Conversion Utilities getWikiName should handle local paths with special characters" time="0">
    </testcase>
    <testcase classname="Path Conversion Utilities getWikiName should handle paths without .md extension" name="Path Conversion Utilities getWikiName should handle paths without .md extension" time="0">
    </testcase>
    <testcase classname="Path Conversion Utilities getWikiName should handle paths outside wiki folder when wiki path is set" name="Path Conversion Utilities getWikiName should handle paths outside wiki folder when wiki path is set" time="0">
    </testcase>
    <testcase classname="Path Conversion Utilities getWikiName should handle empty path" name="Path Conversion Utilities getWikiName should handle empty path" time="0">
    </testcase>
    <testcase classname="Path Conversion Utilities Path conversion roundtrip should correctly roundtrip wiki name to local path and back" name="Path Conversion Utilities Path conversion roundtrip should correctly roundtrip wiki name to local path and back" time="0.001">
    </testcase>
    <testcase classname="Path Conversion Utilities Path conversion roundtrip should correctly roundtrip local path to wiki name and back" name="Path Conversion Utilities Path conversion roundtrip should correctly roundtrip local path to wiki name and back" time="0">
    </testcase>
    <testcase classname="Path Conversion Utilities Path conversion roundtrip should handle roundtrip with different wiki path settings" name="Path Conversion Utilities Path conversion roundtrip should handle roundtrip with different wiki path settings" time="0">
    </testcase>
  </testsuite>
  <testsuite name="GitHub Wiki Sync Settings Tab" errors="0" failures="3" skipped="0" timestamp="2025-05-02T22:23:03" time="0.66" tests="3">
    <testcase classname="GitHub Wiki Sync Settings Tab should create settings tab with correct sections" name="GitHub Wiki Sync Settings Tab should create settings tab with correct sections" time="0.002">
      <failure>TypeError: Cannot set properties of undefined (setting &apos;containerEl&apos;)
    at Object.&lt;anonymous&gt; (/Users/c0305/WebstormProjects/obsidian-github-plugin/tests/settings-tab.test.ts:58:27)
    at Promise.then.completed (/Users/c0305/WebstormProjects/obsidian-github-plugin/node_modules/jest-circus/build/utils.js:298:28)
    at new Promise (&lt;anonymous&gt;)
    at callAsyncCircusFn (/Users/c0305/WebstormProjects/obsidian-github-plugin/node_modules/jest-circus/build/utils.js:231:10)
    at _callCircusTest (/Users/c0305/WebstormProjects/obsidian-github-plugin/node_modules/jest-circus/build/run.js:316:40)
    at processTicksAndRejections (node:internal/process/task_queues:105:5)
    at _runTest (/Users/c0305/WebstormProjects/obsidian-github-plugin/node_modules/jest-circus/build/run.js:252:3)
    at _runTestsForDescribeBlock (/Users/c0305/WebstormProjects/obsidian-github-plugin/node_modules/jest-circus/build/run.js:126:9)
    at _runTestsForDescribeBlock (/Users/c0305/WebstormProjects/obsidian-github-plugin/node_modules/jest-circus/build/run.js:121:9)
    at run (/Users/c0305/WebstormProjects/obsidian-github-plugin/node_modules/jest-circus/build/run.js:71:3)
    at runAndTransformResultsToJestFormat (/Users/c0305/WebstormProjects/obsidian-github-plugin/node_modules/jest-circus/build/legacy-code-todo-rewrite/jestAdapterInit.js:122:21)
    at jestAdapter (/Users/c0305/WebstormProjects/obsidian-github-plugin/node_modules/jest-circus/build/legacy-code-todo-rewrite/jestAdapter.js:79:19)
    at runTestInternal (/Users/c0305/WebstormProjects/obsidian-github-plugin/node_modules/jest-runner/build/runTest.js:367:16)
    at runTest (/Users/c0305/WebstormProjects/obsidian-github-plugin/node_modules/jest-runner/build/runTest.js:444:34)
    at Object.worker (/Users/c0305/WebstormProjects/obsidian-github-plugin/node_modules/jest-runner/build/testWorker.js:106:12)</failure>
    </testcase>
    <testcase classname="GitHub Wiki Sync Settings Tab should handle sync button clicks" name="GitHub Wiki Sync Settings Tab should handle sync button clicks" time="0">
      <failure>TypeError: Cannot set properties of undefined (setting &apos;containerEl&apos;)
    at /Users/c0305/WebstormProjects/obsidian-github-plugin/tests/settings-tab.test.ts:129:27
    at Generator.next (&lt;anonymous&gt;)
    at /Users/c0305/WebstormProjects/obsidian-github-plugin/node_modules/tslib/tslib.js:118:75
    at new Promise (&lt;anonymous&gt;)
    at Object.__awaiter (/Users/c0305/WebstormProjects/obsidian-github-plugin/node_modules/tslib/tslib.js:114:16)
    at Object.&lt;anonymous&gt; (/Users/c0305/WebstormProjects/obsidian-github-plugin/tests/settings-tab.test.ts:120:53)
    at Promise.then.completed (/Users/c0305/WebstormProjects/obsidian-github-plugin/node_modules/jest-circus/build/utils.js:298:28)
    at new Promise (&lt;anonymous&gt;)
    at callAsyncCircusFn (/Users/c0305/WebstormProjects/obsidian-github-plugin/node_modules/jest-circus/build/utils.js:231:10)
    at _callCircusTest (/Users/c0305/WebstormProjects/obsidian-github-plugin/node_modules/jest-circus/build/run.js:316:40)
    at processTicksAndRejections (node:internal/process/task_queues:105:5)
    at _runTest (/Users/c0305/WebstormProjects/obsidian-github-plugin/node_modules/jest-circus/build/run.js:252:3)
    at _runTestsForDescribeBlock (/Users/c0305/WebstormProjects/obsidian-github-plugin/node_modules/jest-circus/build/run.js:126:9)
    at _runTestsForDescribeBlock (/Users/c0305/WebstormProjects/obsidian-github-plugin/node_modules/jest-circus/build/run.js:121:9)
    at run (/Users/c0305/WebstormProjects/obsidian-github-plugin/node_modules/jest-circus/build/run.js:71:3)
    at runAndTransformResultsToJestFormat (/Users/c0305/WebstormProjects/obsidian-github-plugin/node_modules/jest-circus/build/legacy-code-todo-rewrite/jestAdapterInit.js:122:21)
    at jestAdapter (/Users/c0305/WebstormProjects/obsidian-github-plugin/node_modules/jest-circus/build/legacy-code-todo-rewrite/jestAdapter.js:79:19)
    at runTestInternal (/Users/c0305/WebstormProjects/obsidian-github-plugin/node_modules/jest-runner/build/runTest.js:367:16)
    at runTest (/Users/c0305/WebstormProjects/obsidian-github-plugin/node_modules/jest-runner/build/runTest.js:444:34)
    at Object.worker (/Users/c0305/WebstormProjects/obsidian-github-plugin/node_modules/jest-runner/build/testWorker.js:106:12)</failure>
    </testcase>
    <testcase classname="GitHub Wiki Sync Settings Tab should handle settings changes" name="GitHub Wiki Sync Settings Tab should handle settings changes" time="0.001">
      <failure>TypeError: Cannot set properties of undefined (setting &apos;containerEl&apos;)
    at /Users/c0305/WebstormProjects/obsidian-github-plugin/tests/settings-tab.test.ts:211:27
    at Generator.next (&lt;anonymous&gt;)
    at /Users/c0305/WebstormProjects/obsidian-github-plugin/node_modules/tslib/tslib.js:118:75
    at new Promise (&lt;anonymous&gt;)
    at Object.__awaiter (/Users/c0305/WebstormProjects/obsidian-github-plugin/node_modules/tslib/tslib.js:114:16)
    at Object.&lt;anonymous&gt; (/Users/c0305/WebstormProjects/obsidian-github-plugin/tests/settings-tab.test.ts:202:51)
    at Promise.then.completed (/Users/c0305/WebstormProjects/obsidian-github-plugin/node_modules/jest-circus/build/utils.js:298:28)
    at new Promise (&lt;anonymous&gt;)
    at callAsyncCircusFn (/Users/c0305/WebstormProjects/obsidian-github-plugin/node_modules/jest-circus/build/utils.js:231:10)
    at _callCircusTest (/Users/c0305/WebstormProjects/obsidian-github-plugin/node_modules/jest-circus/build/run.js:316:40)
    at processTicksAndRejections (node:internal/process/task_queues:105:5)
    at _runTest (/Users/c0305/WebstormProjects/obsidian-github-plugin/node_modules/jest-circus/build/run.js:252:3)
    at _runTestsForDescribeBlock (/Users/c0305/WebstormProjects/obsidian-github-plugin/node_modules/jest-circus/build/run.js:126:9)
    at _runTestsForDescribeBlock (/Users/c0305/WebstormProjects/obsidian-github-plugin/node_modules/jest-circus/build/run.js:121:9)
    at run (/Users/c0305/WebstormProjects/obsidian-github-plugin/node_modules/jest-circus/build/run.js:71:3)
    at runAndTransformResultsToJestFormat (/Users/c0305/WebstormProjects/obsidian-github-plugin/node_modules/jest-circus/build/legacy-code-todo-rewrite/jestAdapterInit.js:122:21)
    at jestAdapter (/Users/c0305/WebstormProjects/obsidian-github-plugin/node_modules/jest-circus/build/legacy-code-todo-rewrite/jestAdapter.js:79:19)
    at runTestInternal (/Users/c0305/WebstormProjects/obsidian-github-plugin/node_modules/jest-runner/build/runTest.js:367:16)
    at runTest (/Users/c0305/WebstormProjects/obsidian-github-plugin/node_modules/jest-runner/build/runTest.js:444:34)
    at Object.worker (/Users/c0305/WebstormProjects/obsidian-github-plugin/node_modules/jest-runner/build/testWorker.js:106:12)</failure>
    </testcase>
  </testsuite>
  <testsuite name="GitHub Wiki Sync Integration Tests" errors="0" failures="4" skipped="0" timestamp="2025-05-02T22:23:03" time="0.662" tests="5">
    <testcase classname="GitHub Wiki Sync Integration Tests Full sync process pulls and pushes files correctly" name="GitHub Wiki Sync Integration Tests Full sync process pulls and pushes files correctly" time="0.055">
      <failure>Error: expect(received).toBe(expected) // Object.is equality

Expected: &quot;# Setup Guide
Follow these steps to set up.&quot;
Received: undefined
    at /Users/c0305/WebstormProjects/obsidian-github-plugin/tests/integration/integration.test.ts:205:43
    at Generator.next (&lt;anonymous&gt;)
    at fulfilled (/Users/c0305/WebstormProjects/obsidian-github-plugin/node_modules/tslib/tslib.js:115:62)
    at processTicksAndRejections (node:internal/process/task_queues:105:5)</failure>
    </testcase>
    <testcase classname="GitHub Wiki Sync Integration Tests Pull from GitHub only downloads missing or changed files" name="GitHub Wiki Sync Integration Tests Pull from GitHub only downloads missing or changed files" time="0.001">
      <failure>Error: expect(received).toBe(expected) // Object.is equality

Expected: &quot;# Setup Guide
Follow these steps to set up.&quot;
Received: undefined
    at /Users/c0305/WebstormProjects/obsidian-github-plugin/tests/integration/integration.test.ts:232:43
    at Generator.next (&lt;anonymous&gt;)
    at fulfilled (/Users/c0305/WebstormProjects/obsidian-github-plugin/node_modules/tslib/tslib.js:115:62)
    at processTicksAndRejections (node:internal/process/task_queues:105:5)</failure>
    </testcase>
    <testcase classname="GitHub Wiki Sync Integration Tests Push to GitHub only uploads new or changed files" name="GitHub Wiki Sync Integration Tests Push to GitHub only uploads new or changed files" time="0.001">
      <failure>Error: expect(received).toBe(expected) // Object.is equality

Expected: 1
Received: 0
    at /Users/c0305/WebstormProjects/obsidian-github-plugin/tests/integration/integration.test.ts:248:43
    at Generator.next (&lt;anonymous&gt;)
    at fulfilled (/Users/c0305/WebstormProjects/obsidian-github-plugin/node_modules/tslib/tslib.js:115:62)
    at processTicksAndRejections (node:internal/process/task_queues:105:5)</failure>
    </testcase>
    <testcase classname="GitHub Wiki Sync Integration Tests Single file push works correctly" name="GitHub Wiki Sync Integration Tests Single file push works correctly" time="0.001">
      <failure>Error: expect(received).toBeDefined()

Received: undefined
    at /Users/c0305/WebstormProjects/obsidian-github-plugin/tests/integration/integration.test.ts:276:32
    at Generator.next (&lt;anonymous&gt;)
    at fulfilled (/Users/c0305/WebstormProjects/obsidian-github-plugin/node_modules/tslib/tslib.js:115:62)
    at processTicksAndRejections (node:internal/process/task_queues:105:5)</failure>
    </testcase>
    <testcase classname="GitHub Wiki Sync Integration Tests Path conversion works correctly" name="GitHub Wiki Sync Integration Tests Path conversion works correctly" time="0">
    </testcase>
  </testsuite>
  <testsuite name="GitHub API Interactions" errors="0" failures="0" skipped="0" timestamp="2025-05-02T22:23:03" time="0.664" tests="16">
    <testcase classname="GitHub API Interactions getWikiPages should retrieve and filter wiki pages correctly" name="GitHub API Interactions getWikiPages should retrieve and filter wiki pages correctly" time="0.003">
    </testcase>
    <testcase classname="GitHub API Interactions getWikiPages should handle empty repository" name="GitHub API Interactions getWikiPages should handle empty repository" time="0">
    </testcase>
    <testcase classname="GitHub API Interactions getWikiPages should handle API errors" name="GitHub API Interactions getWikiPages should handle API errors" time="0.006">
    </testcase>
    <testcase classname="GitHub API Interactions getWikiPages should handle undefined octokit" name="GitHub API Interactions getWikiPages should handle undefined octokit" time="0">
    </testcase>
    <testcase classname="GitHub API Interactions getWikiPageContent should retrieve and decode page content" name="GitHub API Interactions getWikiPageContent should retrieve and decode page content" time="0.001">
    </testcase>
    <testcase classname="GitHub API Interactions getWikiPageContent should retrieve content for pages in subfolders" name="GitHub API Interactions getWikiPageContent should retrieve content for pages in subfolders" time="0">
    </testcase>
    <testcase classname="GitHub API Interactions getWikiPageContent should handle API errors" name="GitHub API Interactions getWikiPageContent should handle API errors" time="0.012">
    </testcase>
    <testcase classname="GitHub API Interactions getWikiPageContent should handle directory response instead of file" name="GitHub API Interactions getWikiPageContent should handle directory response instead of file" time="0.009">
    </testcase>
    <testcase classname="GitHub API Interactions getWikiPageContent should handle empty content" name="GitHub API Interactions getWikiPageContent should handle empty content" time="0.001">
    </testcase>
    <testcase classname="GitHub API Interactions getWikiPageContent should handle undefined octokit" name="GitHub API Interactions getWikiPageContent should handle undefined octokit" time="0">
    </testcase>
    <testcase classname="GitHub API Interactions updateWikiPage should update existing wiki page" name="GitHub API Interactions updateWikiPage should update existing wiki page" time="0.001">
    </testcase>
    <testcase classname="GitHub API Interactions updateWikiPage should create new wiki page when it does not exist" name="GitHub API Interactions updateWikiPage should create new wiki page when it does not exist" time="0">
    </testcase>
    <testcase classname="GitHub API Interactions updateWikiPage should handle directory response instead of file" name="GitHub API Interactions updateWikiPage should handle directory response instead of file" time="0">
    </testcase>
    <testcase classname="GitHub API Interactions updateWikiPage should handle response without SHA" name="GitHub API Interactions updateWikiPage should handle response without SHA" time="0.001">
    </testcase>
    <testcase classname="GitHub API Interactions updateWikiPage should handle API errors during update" name="GitHub API Interactions updateWikiPage should handle API errors during update" time="0.001">
    </testcase>
    <testcase classname="GitHub API Interactions updateWikiPage should handle undefined octokit" name="GitHub API Interactions updateWikiPage should handle undefined octokit" time="0">
    </testcase>
  </testsuite>
  <testsuite name="GitHub Wiki Sync E2E Error Handling" errors="0" failures="7" skipped="0" timestamp="2025-05-02T22:23:03" time="0.688" tests="7">
    <testcase classname="GitHub Wiki Sync E2E Error Handling Handles API errors when getting wiki pages" name="GitHub Wiki Sync E2E Error Handling Handles API errors when getting wiki pages" time="0.002">
      <failure>TypeError: Cannot read properties of undefined (reading &apos;setText&apos;)
    at GitHubWikiSyncPlugin.setText [as updateStatusBarItem] (/Users/c0305/WebstormProjects/obsidian-github-plugin/main.ts:133:23)
    at GitHubWikiSyncPlugin.updateStatusBarItem (/Users/c0305/WebstormProjects/obsidian-github-plugin/main.ts:172:8)
    at Generator.next (&lt;anonymous&gt;)
    at /Users/c0305/WebstormProjects/obsidian-github-plugin/node_modules/tslib/tslib.js:118:75
    at new Promise (&lt;anonymous&gt;)
    at Object.__awaiter (/Users/c0305/WebstormProjects/obsidian-github-plugin/node_modules/tslib/tslib.js:114:16)
    at GitHubWikiSyncPlugin.pullFromGitHub (/Users/c0305/WebstormProjects/obsidian-github-plugin/main.ts:6855:20)
    at E2ETestEnvironment.&lt;anonymous&gt; (/Users/c0305/WebstormProjects/obsidian-github-plugin/tests/e2e/setup.ts:221:23)
    at Generator.next (&lt;anonymous&gt;)
    at /Users/c0305/WebstormProjects/obsidian-github-plugin/node_modules/tslib/tslib.js:118:75
    at new Promise (&lt;anonymous&gt;)
    at Object.__awaiter (/Users/c0305/WebstormProjects/obsidian-github-plugin/node_modules/tslib/tslib.js:114:16)
    at E2ETestEnvironment.performPull (/Users/c0305/WebstormProjects/obsidian-github-plugin/tests/e2e/setup.ts:191:24)
    at /Users/c0305/WebstormProjects/obsidian-github-plugin/tests/e2e/error-handling.test.ts:41:15
    at Generator.next (&lt;anonymous&gt;)
    at /Users/c0305/WebstormProjects/obsidian-github-plugin/node_modules/tslib/tslib.js:118:75
    at new Promise (&lt;anonymous&gt;)
    at Object.__awaiter (/Users/c0305/WebstormProjects/obsidian-github-plugin/node_modules/tslib/tslib.js:114:16)
    at Object.&lt;anonymous&gt; (/Users/c0305/WebstormProjects/obsidian-github-plugin/tests/e2e/error-handling.test.ts:35:65)
    at Promise.then.completed (/Users/c0305/WebstormProjects/obsidian-github-plugin/node_modules/jest-circus/build/utils.js:298:28)
    at new Promise (&lt;anonymous&gt;)
    at callAsyncCircusFn (/Users/c0305/WebstormProjects/obsidian-github-plugin/node_modules/jest-circus/build/utils.js:231:10)
    at _callCircusTest (/Users/c0305/WebstormProjects/obsidian-github-plugin/node_modules/jest-circus/build/run.js:316:40)
    at processTicksAndRejections (node:internal/process/task_queues:105:5)
    at _runTest (/Users/c0305/WebstormProjects/obsidian-github-plugin/node_modules/jest-circus/build/run.js:252:3)
    at _runTestsForDescribeBlock (/Users/c0305/WebstormProjects/obsidian-github-plugin/node_modules/jest-circus/build/run.js:126:9)
    at _runTestsForDescribeBlock (/Users/c0305/WebstormProjects/obsidian-github-plugin/node_modules/jest-circus/build/run.js:121:9)
    at run (/Users/c0305/WebstormProjects/obsidian-github-plugin/node_modules/jest-circus/build/run.js:71:3)
    at runAndTransformResultsToJestFormat (/Users/c0305/WebstormProjects/obsidian-github-plugin/node_modules/jest-circus/build/legacy-code-todo-rewrite/jestAdapterInit.js:122:21)
    at jestAdapter (/Users/c0305/WebstormProjects/obsidian-github-plugin/node_modules/jest-circus/build/legacy-code-todo-rewrite/jestAdapter.js:79:19)
    at runTestInternal (/Users/c0305/WebstormProjects/obsidian-github-plugin/node_modules/jest-runner/build/runTest.js:367:16)
    at runTest (/Users/c0305/WebstormProjects/obsidian-github-plugin/node_modules/jest-runner/build/runTest.js:444:34)
    at Object.worker (/Users/c0305/WebstormProjects/obsidian-github-plugin/node_modules/jest-runner/build/testWorker.js:106:12)</failure>
    </testcase>
    <testcase classname="GitHub Wiki Sync E2E Error Handling Handles API errors when getting page content" name="GitHub Wiki Sync E2E Error Handling Handles API errors when getting page content" time="0.001">
      <failure>TypeError: Cannot read properties of undefined (reading &apos;setText&apos;)
    at GitHubWikiSyncPlugin.setText [as updateStatusBarItem] (/Users/c0305/WebstormProjects/obsidian-github-plugin/main.ts:133:23)
    at GitHubWikiSyncPlugin.updateStatusBarItem (/Users/c0305/WebstormProjects/obsidian-github-plugin/main.ts:172:8)
    at Generator.next (&lt;anonymous&gt;)
    at /Users/c0305/WebstormProjects/obsidian-github-plugin/node_modules/tslib/tslib.js:118:75
    at new Promise (&lt;anonymous&gt;)
    at Object.__awaiter (/Users/c0305/WebstormProjects/obsidian-github-plugin/node_modules/tslib/tslib.js:114:16)
    at GitHubWikiSyncPlugin.pullFromGitHub (/Users/c0305/WebstormProjects/obsidian-github-plugin/main.ts:6855:20)
    at E2ETestEnvironment.&lt;anonymous&gt; (/Users/c0305/WebstormProjects/obsidian-github-plugin/tests/e2e/setup.ts:221:23)
    at Generator.next (&lt;anonymous&gt;)
    at /Users/c0305/WebstormProjects/obsidian-github-plugin/node_modules/tslib/tslib.js:118:75
    at new Promise (&lt;anonymous&gt;)
    at Object.__awaiter (/Users/c0305/WebstormProjects/obsidian-github-plugin/node_modules/tslib/tslib.js:114:16)
    at E2ETestEnvironment.performPull (/Users/c0305/WebstormProjects/obsidian-github-plugin/tests/e2e/setup.ts:191:24)
    at /Users/c0305/WebstormProjects/obsidian-github-plugin/tests/e2e/error-handling.test.ts:65:15
    at Generator.next (&lt;anonymous&gt;)
    at /Users/c0305/WebstormProjects/obsidian-github-plugin/node_modules/tslib/tslib.js:118:75
    at new Promise (&lt;anonymous&gt;)
    at Object.__awaiter (/Users/c0305/WebstormProjects/obsidian-github-plugin/node_modules/tslib/tslib.js:114:16)
    at Object.&lt;anonymous&gt; (/Users/c0305/WebstormProjects/obsidian-github-plugin/tests/e2e/error-handling.test.ts:51:67)
    at Promise.then.completed (/Users/c0305/WebstormProjects/obsidian-github-plugin/node_modules/jest-circus/build/utils.js:298:28)
    at new Promise (&lt;anonymous&gt;)
    at callAsyncCircusFn (/Users/c0305/WebstormProjects/obsidian-github-plugin/node_modules/jest-circus/build/utils.js:231:10)
    at _callCircusTest (/Users/c0305/WebstormProjects/obsidian-github-plugin/node_modules/jest-circus/build/run.js:316:40)
    at processTicksAndRejections (node:internal/process/task_queues:105:5)
    at _runTest (/Users/c0305/WebstormProjects/obsidian-github-plugin/node_modules/jest-circus/build/run.js:252:3)
    at _runTestsForDescribeBlock (/Users/c0305/WebstormProjects/obsidian-github-plugin/node_modules/jest-circus/build/run.js:126:9)
    at _runTestsForDescribeBlock (/Users/c0305/WebstormProjects/obsidian-github-plugin/node_modules/jest-circus/build/run.js:121:9)
    at run (/Users/c0305/WebstormProjects/obsidian-github-plugin/node_modules/jest-circus/build/run.js:71:3)
    at runAndTransformResultsToJestFormat (/Users/c0305/WebstormProjects/obsidian-github-plugin/node_modules/jest-circus/build/legacy-code-todo-rewrite/jestAdapterInit.js:122:21)
    at jestAdapter (/Users/c0305/WebstormProjects/obsidian-github-plugin/node_modules/jest-circus/build/legacy-code-todo-rewrite/jestAdapter.js:79:19)
    at runTestInternal (/Users/c0305/WebstormProjects/obsidian-github-plugin/node_modules/jest-runner/build/runTest.js:367:16)
    at runTest (/Users/c0305/WebstormProjects/obsidian-github-plugin/node_modules/jest-runner/build/runTest.js:444:34)
    at Object.worker (/Users/c0305/WebstormProjects/obsidian-github-plugin/node_modules/jest-runner/build/testWorker.js:106:12)</failure>
    </testcase>
    <testcase classname="GitHub Wiki Sync E2E Error Handling Handles API errors when updating page content" name="GitHub Wiki Sync E2E Error Handling Handles API errors when updating page content" time="0">
      <failure>TypeError: Cannot read properties of undefined (reading &apos;setText&apos;)
    at GitHubWikiSyncPlugin.setText [as updateStatusBarItem] (/Users/c0305/WebstormProjects/obsidian-github-plugin/main.ts:133:23)
    at GitHubWikiSyncPlugin.updateStatusBarItem (/Users/c0305/WebstormProjects/obsidian-github-plugin/main.ts:224:8)
    at Generator.next (&lt;anonymous&gt;)
    at /Users/c0305/WebstormProjects/obsidian-github-plugin/node_modules/tslib/tslib.js:118:75
    at new Promise (&lt;anonymous&gt;)
    at Object.__awaiter (/Users/c0305/WebstormProjects/obsidian-github-plugin/node_modules/tslib/tslib.js:114:16)
    at GitHubWikiSyncPlugin.pushToGitHub (/Users/c0305/WebstormProjects/obsidian-github-plugin/main.ts:6994:20)
    at E2ETestEnvironment.&lt;anonymous&gt; (/Users/c0305/WebstormProjects/obsidian-github-plugin/tests/e2e/setup.ts:236:23)
    at Generator.next (&lt;anonymous&gt;)
    at /Users/c0305/WebstormProjects/obsidian-github-plugin/node_modules/tslib/tslib.js:118:75
    at new Promise (&lt;anonymous&gt;)
    at Object.__awaiter (/Users/c0305/WebstormProjects/obsidian-github-plugin/node_modules/tslib/tslib.js:114:16)
    at E2ETestEnvironment.performPush (/Users/c0305/WebstormProjects/obsidian-github-plugin/tests/e2e/setup.ts:205:24)
    at /Users/c0305/WebstormProjects/obsidian-github-plugin/tests/e2e/error-handling.test.ts:87:15
    at Generator.next (&lt;anonymous&gt;)
    at /Users/c0305/WebstormProjects/obsidian-github-plugin/node_modules/tslib/tslib.js:118:75
    at new Promise (&lt;anonymous&gt;)
    at Object.__awaiter (/Users/c0305/WebstormProjects/obsidian-github-plugin/node_modules/tslib/tslib.js:114:16)
    at Object.&lt;anonymous&gt; (/Users/c0305/WebstormProjects/obsidian-github-plugin/tests/e2e/error-handling.test.ts:78:68)
    at Promise.then.completed (/Users/c0305/WebstormProjects/obsidian-github-plugin/node_modules/jest-circus/build/utils.js:298:28)
    at new Promise (&lt;anonymous&gt;)
    at callAsyncCircusFn (/Users/c0305/WebstormProjects/obsidian-github-plugin/node_modules/jest-circus/build/utils.js:231:10)
    at _callCircusTest (/Users/c0305/WebstormProjects/obsidian-github-plugin/node_modules/jest-circus/build/run.js:316:40)
    at processTicksAndRejections (node:internal/process/task_queues:105:5)
    at _runTest (/Users/c0305/WebstormProjects/obsidian-github-plugin/node_modules/jest-circus/build/run.js:252:3)
    at _runTestsForDescribeBlock (/Users/c0305/WebstormProjects/obsidian-github-plugin/node_modules/jest-circus/build/run.js:126:9)
    at _runTestsForDescribeBlock (/Users/c0305/WebstormProjects/obsidian-github-plugin/node_modules/jest-circus/build/run.js:121:9)
    at run (/Users/c0305/WebstormProjects/obsidian-github-plugin/node_modules/jest-circus/build/run.js:71:3)
    at runAndTransformResultsToJestFormat (/Users/c0305/WebstormProjects/obsidian-github-plugin/node_modules/jest-circus/build/legacy-code-todo-rewrite/jestAdapterInit.js:122:21)
    at jestAdapter (/Users/c0305/WebstormProjects/obsidian-github-plugin/node_modules/jest-circus/build/legacy-code-todo-rewrite/jestAdapter.js:79:19)
    at runTestInternal (/Users/c0305/WebstormProjects/obsidian-github-plugin/node_modules/jest-runner/build/runTest.js:367:16)
    at runTest (/Users/c0305/WebstormProjects/obsidian-github-plugin/node_modules/jest-runner/build/runTest.js:444:34)
    at Object.worker (/Users/c0305/WebstormProjects/obsidian-github-plugin/node_modules/jest-runner/build/testWorker.js:106:12)</failure>
    </testcase>
    <testcase classname="GitHub Wiki Sync E2E Error Handling Handles invalid or empty GitHub token" name="GitHub Wiki Sync E2E Error Handling Handles invalid or empty GitHub token" time="0">
      <failure>TypeError: Cannot read properties of undefined (reading &apos;setText&apos;)
    at GitHubWikiSyncPlugin.setText [as updateStatusBarItem] (/Users/c0305/WebstormProjects/obsidian-github-plugin/main.ts:133:23)
    at GitHubWikiSyncPlugin.updateStatusBarItem [as initializeGitHub] (/Users/c0305/WebstormProjects/obsidian-github-plugin/main.ts:111:9)
    at /Users/c0305/WebstormProjects/obsidian-github-plugin/tests/e2e/error-handling.test.ts:101:16
    at Generator.next (&lt;anonymous&gt;)
    at /Users/c0305/WebstormProjects/obsidian-github-plugin/node_modules/tslib/tslib.js:118:75
    at new Promise (&lt;anonymous&gt;)
    at Object.__awaiter (/Users/c0305/WebstormProjects/obsidian-github-plugin/node_modules/tslib/tslib.js:114:16)
    at Object.&lt;anonymous&gt; (/Users/c0305/WebstormProjects/obsidian-github-plugin/tests/e2e/error-handling.test.ts:96:60)
    at Promise.then.completed (/Users/c0305/WebstormProjects/obsidian-github-plugin/node_modules/jest-circus/build/utils.js:298:28)
    at new Promise (&lt;anonymous&gt;)
    at callAsyncCircusFn (/Users/c0305/WebstormProjects/obsidian-github-plugin/node_modules/jest-circus/build/utils.js:231:10)
    at _callCircusTest (/Users/c0305/WebstormProjects/obsidian-github-plugin/node_modules/jest-circus/build/run.js:316:40)
    at processTicksAndRejections (node:internal/process/task_queues:105:5)
    at _runTest (/Users/c0305/WebstormProjects/obsidian-github-plugin/node_modules/jest-circus/build/run.js:252:3)
    at _runTestsForDescribeBlock (/Users/c0305/WebstormProjects/obsidian-github-plugin/node_modules/jest-circus/build/run.js:126:9)
    at _runTestsForDescribeBlock (/Users/c0305/WebstormProjects/obsidian-github-plugin/node_modules/jest-circus/build/run.js:121:9)
    at run (/Users/c0305/WebstormProjects/obsidian-github-plugin/node_modules/jest-circus/build/run.js:71:3)
    at runAndTransformResultsToJestFormat (/Users/c0305/WebstormProjects/obsidian-github-plugin/node_modules/jest-circus/build/legacy-code-todo-rewrite/jestAdapterInit.js:122:21)
    at jestAdapter (/Users/c0305/WebstormProjects/obsidian-github-plugin/node_modules/jest-circus/build/legacy-code-todo-rewrite/jestAdapter.js:79:19)
    at runTestInternal (/Users/c0305/WebstormProjects/obsidian-github-plugin/node_modules/jest-runner/build/runTest.js:367:16)
    at runTest (/Users/c0305/WebstormProjects/obsidian-github-plugin/node_modules/jest-runner/build/runTest.js:444:34)
    at Object.worker (/Users/c0305/WebstormProjects/obsidian-github-plugin/node_modules/jest-runner/build/testWorker.js:106:12)</failure>
    </testcase>
    <testcase classname="GitHub Wiki Sync E2E Error Handling Handles network errors during sync" name="GitHub Wiki Sync E2E Error Handling Handles network errors during sync" time="0">
      <failure>TypeError: Cannot read properties of undefined (reading &apos;setText&apos;)
    at GitHubWikiSyncPlugin.setText [as updateStatusBarItem] (/Users/c0305/WebstormProjects/obsidian-github-plugin/main.ts:133:23)
    at GitHubWikiSyncPlugin.updateStatusBarItem (/Users/c0305/WebstormProjects/obsidian-github-plugin/main.ts:150:8)
    at Generator.next (&lt;anonymous&gt;)
    at /Users/c0305/WebstormProjects/obsidian-github-plugin/node_modules/tslib/tslib.js:118:75
    at new Promise (&lt;anonymous&gt;)
    at Object.__awaiter (/Users/c0305/WebstormProjects/obsidian-github-plugin/node_modules/tslib/tslib.js:114:16)
    at GitHubWikiSyncPlugin.syncWithGitHub (/Users/c0305/WebstormProjects/obsidian-github-plugin/main.ts:6798:20)
    at E2ETestEnvironment.&lt;anonymous&gt; (/Users/c0305/WebstormProjects/obsidian-github-plugin/tests/e2e/setup.ts:206:23)
    at Generator.next (&lt;anonymous&gt;)
    at /Users/c0305/WebstormProjects/obsidian-github-plugin/node_modules/tslib/tslib.js:118:75
    at new Promise (&lt;anonymous&gt;)
    at Object.__awaiter (/Users/c0305/WebstormProjects/obsidian-github-plugin/node_modules/tslib/tslib.js:114:16)
    at E2ETestEnvironment.performFullSync (/Users/c0305/WebstormProjects/obsidian-github-plugin/tests/e2e/setup.ts:177:24)
    at /Users/c0305/WebstormProjects/obsidian-github-plugin/tests/e2e/error-handling.test.ts:122:15
    at Generator.next (&lt;anonymous&gt;)
    at /Users/c0305/WebstormProjects/obsidian-github-plugin/node_modules/tslib/tslib.js:118:75
    at new Promise (&lt;anonymous&gt;)
    at Object.__awaiter (/Users/c0305/WebstormProjects/obsidian-github-plugin/node_modules/tslib/tslib.js:114:16)
    at Object.&lt;anonymous&gt; (/Users/c0305/WebstormProjects/obsidian-github-plugin/tests/e2e/error-handling.test.ts:113:57)
    at Promise.then.completed (/Users/c0305/WebstormProjects/obsidian-github-plugin/node_modules/jest-circus/build/utils.js:298:28)
    at new Promise (&lt;anonymous&gt;)
    at callAsyncCircusFn (/Users/c0305/WebstormProjects/obsidian-github-plugin/node_modules/jest-circus/build/utils.js:231:10)
    at _callCircusTest (/Users/c0305/WebstormProjects/obsidian-github-plugin/node_modules/jest-circus/build/run.js:316:40)
    at processTicksAndRejections (node:internal/process/task_queues:105:5)
    at _runTest (/Users/c0305/WebstormProjects/obsidian-github-plugin/node_modules/jest-circus/build/run.js:252:3)
    at _runTestsForDescribeBlock (/Users/c0305/WebstormProjects/obsidian-github-plugin/node_modules/jest-circus/build/run.js:126:9)
    at _runTestsForDescribeBlock (/Users/c0305/WebstormProjects/obsidian-github-plugin/node_modules/jest-circus/build/run.js:121:9)
    at run (/Users/c0305/WebstormProjects/obsidian-github-plugin/node_modules/jest-circus/build/run.js:71:3)
    at runAndTransformResultsToJestFormat (/Users/c0305/WebstormProjects/obsidian-github-plugin/node_modules/jest-circus/build/legacy-code-todo-rewrite/jestAdapterInit.js:122:21)
    at jestAdapter (/Users/c0305/WebstormProjects/obsidian-github-plugin/node_modules/jest-circus/build/legacy-code-todo-rewrite/jestAdapter.js:79:19)
    at runTestInternal (/Users/c0305/WebstormProjects/obsidian-github-plugin/node_modules/jest-runner/build/runTest.js:367:16)
    at runTest (/Users/c0305/WebstormProjects/obsidian-github-plugin/node_modules/jest-runner/build/runTest.js:444:34)
    at Object.worker (/Users/c0305/WebstormProjects/obsidian-github-plugin/node_modules/jest-runner/build/testWorker.js:106:12)</failure>
    </testcase>
    <testcase classname="GitHub Wiki Sync E2E Error Handling Handles rate limit errors" name="GitHub Wiki Sync E2E Error Handling Handles rate limit errors" time="0.001">
      <failure>TypeError: Cannot read properties of undefined (reading &apos;setText&apos;)
    at GitHubWikiSyncPlugin.setText [as updateStatusBarItem] (/Users/c0305/WebstormProjects/obsidian-github-plugin/main.ts:133:23)
    at GitHubWikiSyncPlugin.updateStatusBarItem (/Users/c0305/WebstormProjects/obsidian-github-plugin/main.ts:172:8)
    at Generator.next (&lt;anonymous&gt;)
    at /Users/c0305/WebstormProjects/obsidian-github-plugin/node_modules/tslib/tslib.js:118:75
    at new Promise (&lt;anonymous&gt;)
    at Object.__awaiter (/Users/c0305/WebstormProjects/obsidian-github-plugin/node_modules/tslib/tslib.js:114:16)
    at GitHubWikiSyncPlugin.pullFromGitHub (/Users/c0305/WebstormProjects/obsidian-github-plugin/main.ts:6855:20)
    at E2ETestEnvironment.&lt;anonymous&gt; (/Users/c0305/WebstormProjects/obsidian-github-plugin/tests/e2e/setup.ts:221:23)
    at Generator.next (&lt;anonymous&gt;)
    at /Users/c0305/WebstormProjects/obsidian-github-plugin/node_modules/tslib/tslib.js:118:75
    at new Promise (&lt;anonymous&gt;)
    at Object.__awaiter (/Users/c0305/WebstormProjects/obsidian-github-plugin/node_modules/tslib/tslib.js:114:16)
    at E2ETestEnvironment.performPull (/Users/c0305/WebstormProjects/obsidian-github-plugin/tests/e2e/setup.ts:191:24)
    at /Users/c0305/WebstormProjects/obsidian-github-plugin/tests/e2e/error-handling.test.ts:140:15
    at Generator.next (&lt;anonymous&gt;)
    at /Users/c0305/WebstormProjects/obsidian-github-plugin/node_modules/tslib/tslib.js:118:75
    at new Promise (&lt;anonymous&gt;)
    at Object.__awaiter (/Users/c0305/WebstormProjects/obsidian-github-plugin/node_modules/tslib/tslib.js:114:16)
    at Object.&lt;anonymous&gt; (/Users/c0305/WebstormProjects/obsidian-github-plugin/tests/e2e/error-handling.test.ts:131:48)
    at Promise.then.completed (/Users/c0305/WebstormProjects/obsidian-github-plugin/node_modules/jest-circus/build/utils.js:298:28)
    at new Promise (&lt;anonymous&gt;)
    at callAsyncCircusFn (/Users/c0305/WebstormProjects/obsidian-github-plugin/node_modules/jest-circus/build/utils.js:231:10)
    at _callCircusTest (/Users/c0305/WebstormProjects/obsidian-github-plugin/node_modules/jest-circus/build/run.js:316:40)
    at processTicksAndRejections (node:internal/process/task_queues:105:5)
    at _runTest (/Users/c0305/WebstormProjects/obsidian-github-plugin/node_modules/jest-circus/build/run.js:252:3)
    at _runTestsForDescribeBlock (/Users/c0305/WebstormProjects/obsidian-github-plugin/node_modules/jest-circus/build/run.js:126:9)
    at _runTestsForDescribeBlock (/Users/c0305/WebstormProjects/obsidian-github-plugin/node_modules/jest-circus/build/run.js:121:9)
    at run (/Users/c0305/WebstormProjects/obsidian-github-plugin/node_modules/jest-circus/build/run.js:71:3)
    at runAndTransformResultsToJestFormat (/Users/c0305/WebstormProjects/obsidian-github-plugin/node_modules/jest-circus/build/legacy-code-todo-rewrite/jestAdapterInit.js:122:21)
    at jestAdapter (/Users/c0305/WebstormProjects/obsidian-github-plugin/node_modules/jest-circus/build/legacy-code-todo-rewrite/jestAdapter.js:79:19)
    at runTestInternal (/Users/c0305/WebstormProjects/obsidian-github-plugin/node_modules/jest-runner/build/runTest.js:367:16)
    at runTest (/Users/c0305/WebstormProjects/obsidian-github-plugin/node_modules/jest-runner/build/runTest.js:444:34)
    at Object.worker (/Users/c0305/WebstormProjects/obsidian-github-plugin/node_modules/jest-runner/build/testWorker.js:106:12)</failure>
    </testcase>
    <testcase classname="GitHub Wiki Sync E2E Error Handling Handles file system errors" name="GitHub Wiki Sync E2E Error Handling Handles file system errors" time="0">
      <failure>TypeError: Cannot read properties of undefined (reading &apos;setText&apos;)
    at GitHubWikiSyncPlugin.setText [as updateStatusBarItem] (/Users/c0305/WebstormProjects/obsidian-github-plugin/main.ts:133:23)
    at GitHubWikiSyncPlugin.updateStatusBarItem (/Users/c0305/WebstormProjects/obsidian-github-plugin/main.ts:172:8)
    at Generator.next (&lt;anonymous&gt;)
    at /Users/c0305/WebstormProjects/obsidian-github-plugin/node_modules/tslib/tslib.js:118:75
    at new Promise (&lt;anonymous&gt;)
    at Object.__awaiter (/Users/c0305/WebstormProjects/obsidian-github-plugin/node_modules/tslib/tslib.js:114:16)
    at GitHubWikiSyncPlugin.pullFromGitHub (/Users/c0305/WebstormProjects/obsidian-github-plugin/main.ts:6855:20)
    at E2ETestEnvironment.&lt;anonymous&gt; (/Users/c0305/WebstormProjects/obsidian-github-plugin/tests/e2e/setup.ts:221:23)
    at Generator.next (&lt;anonymous&gt;)
    at /Users/c0305/WebstormProjects/obsidian-github-plugin/node_modules/tslib/tslib.js:118:75
    at new Promise (&lt;anonymous&gt;)
    at Object.__awaiter (/Users/c0305/WebstormProjects/obsidian-github-plugin/node_modules/tslib/tslib.js:114:16)
    at E2ETestEnvironment.performPull (/Users/c0305/WebstormProjects/obsidian-github-plugin/tests/e2e/setup.ts:191:24)
    at /Users/c0305/WebstormProjects/obsidian-github-plugin/tests/e2e/error-handling.test.ts:156:15
    at Generator.next (&lt;anonymous&gt;)
    at /Users/c0305/WebstormProjects/obsidian-github-plugin/node_modules/tslib/tslib.js:118:75
    at new Promise (&lt;anonymous&gt;)
    at Object.__awaiter (/Users/c0305/WebstormProjects/obsidian-github-plugin/node_modules/tslib/tslib.js:114:16)
    at Object.&lt;anonymous&gt; (/Users/c0305/WebstormProjects/obsidian-github-plugin/tests/e2e/error-handling.test.ts:147:49)
    at Promise.then.completed (/Users/c0305/WebstormProjects/obsidian-github-plugin/node_modules/jest-circus/build/utils.js:298:28)
    at new Promise (&lt;anonymous&gt;)
    at callAsyncCircusFn (/Users/c0305/WebstormProjects/obsidian-github-plugin/node_modules/jest-circus/build/utils.js:231:10)
    at _callCircusTest (/Users/c0305/WebstormProjects/obsidian-github-plugin/node_modules/jest-circus/build/run.js:316:40)
    at processTicksAndRejections (node:internal/process/task_queues:105:5)
    at _runTest (/Users/c0305/WebstormProjects/obsidian-github-plugin/node_modules/jest-circus/build/run.js:252:3)
    at _runTestsForDescribeBlock (/Users/c0305/WebstormProjects/obsidian-github-plugin/node_modules/jest-circus/build/run.js:126:9)
    at _runTestsForDescribeBlock (/Users/c0305/WebstormProjects/obsidian-github-plugin/node_modules/jest-circus/build/run.js:121:9)
    at run (/Users/c0305/WebstormProjects/obsidian-github-plugin/node_modules/jest-circus/build/run.js:71:3)
    at runAndTransformResultsToJestFormat (/Users/c0305/WebstormProjects/obsidian-github-plugin/node_modules/jest-circus/build/legacy-code-todo-rewrite/jestAdapterInit.js:122:21)
    at jestAdapter (/Users/c0305/WebstormProjects/obsidian-github-plugin/node_modules/jest-circus/build/legacy-code-todo-rewrite/jestAdapter.js:79:19)
    at runTestInternal (/Users/c0305/WebstormProjects/obsidian-github-plugin/node_modules/jest-runner/build/runTest.js:367:16)
    at runTest (/Users/c0305/WebstormProjects/obsidian-github-plugin/node_modules/jest-runner/build/runTest.js:444:34)
    at Object.worker (/Users/c0305/WebstormProjects/obsidian-github-plugin/node_modules/jest-runner/build/testWorker.js:106:12)</failure>
    </testcase>
  </testsuite>
</testsuites>