TN:
SF:main.ts
FN:24,(anonymous_0)
FN:30,(anonymous_1)
FN:35,(anonymous_3)
FN:35,(anonymous_4)
FN:48,(anonymous_5)
FN:48,(anonymous_6)
FN:56,(anonymous_7)
FN:56,(anonymous_8)
FN:64,(anonymous_9)
FN:64,(anonymous_10)
FN:72,(anonymous_11)
FN:87,(anonymous_12)
FN:93,(anonymous_13)
FN:97,(anonymous_15)
FN:103,(anonymous_17)
FN:115,(anonymous_18)
FN:125,(anonymous_19)
FN:133,(anonymous_20)
FN:146,(anonymous_21)
FN:168,(anonymous_23)
FN:220,(anonymous_25)
FN:234,(anonymous_27)
FN:276,(anonymous_28)
FN:303,(anonymous_30)
FN:316,(anonymous_32)
FN:317,(anonymous_33)
FN:324,(anonymous_34)
FN:349,(anonymous_36)
FN:399,(anonymous_38)
FN:410,(anonymous_39)
FN:447,(anonymous_40)
FN:452,(anonymous_41)
FN:461,(anonymous_42)
FN:465,(anonymous_43)
FN:465,(anonymous_44)
FN:474,(anonymous_45)
FN:478,(anonymous_46)
FN:478,(anonymous_47)
FN:487,(anonymous_48)
FN:491,(anonymous_49)
FN:491,(anonymous_50)
FN:500,(anonymous_51)
FN:504,(anonymous_52)
FN:504,(anonymous_53)
FN:513,(anonymous_54)
FN:514,(anonymous_55)
FN:514,(anonymous_56)
FN:523,(anonymous_57)
FN:528,(anonymous_58)
FN:528,(anonymous_59)
FN:545,(anonymous_60)
FN:549,(anonymous_61)
FN:549,(anonymous_62)
FN:555,(anonymous_63)
FN:562,(anonymous_64)
FNF:55
FNH:12
FNDA:26,(anonymous_0)
FNDA:2,(anonymous_1)
FNDA:0,(anonymous_3)
FNDA:0,(anonymous_4)
FNDA:0,(anonymous_5)
FNDA:0,(anonymous_6)
FNDA:0,(anonymous_7)
FNDA:0,(anonymous_8)
FNDA:0,(anonymous_9)
FNDA:0,(anonymous_10)
FNDA:0,(anonymous_11)
FNDA:1,(anonymous_12)
FNDA:0,(anonymous_13)
FNDA:1,(anonymous_15)
FNDA:16,(anonymous_17)
FNDA:0,(anonymous_18)
FNDA:0,(anonymous_19)
FNDA:0,(anonymous_20)
FNDA:1,(anonymous_21)
FNDA:0,(anonymous_23)
FNDA:0,(anonymous_25)
FNDA:0,(anonymous_27)
FNDA:0,(anonymous_28)
FNDA:4,(anonymous_30)
FNDA:5,(anonymous_32)
FNDA:4,(anonymous_33)
FNDA:6,(anonymous_34)
FNDA:6,(anonymous_36)
FNDA:0,(anonymous_38)
FNDA:0,(anonymous_39)
FNDA:2,(anonymous_40)
FNDA:0,(anonymous_41)
FNDA:0,(anonymous_42)
FNDA:0,(anonymous_43)
FNDA:0,(anonymous_44)
FNDA:0,(anonymous_45)
FNDA:0,(anonymous_46)
FNDA:0,(anonymous_47)
FNDA:0,(anonymous_48)
FNDA:0,(anonymous_49)
FNDA:0,(anonymous_50)
FNDA:0,(anonymous_51)
FNDA:0,(anonymous_52)
FNDA:0,(anonymous_53)
FNDA:0,(anonymous_54)
FNDA:0,(anonymous_55)
FNDA:0,(anonymous_56)
FNDA:0,(anonymous_57)
FNDA:0,(anonymous_58)
FNDA:0,(anonymous_59)
FNDA:0,(anonymous_60)
FNDA:0,(anonymous_61)
FNDA:0,(anonymous_62)
FNDA:0,(anonymous_63)
FNDA:0,(anonymous_64)
DA:1,3
DA:2,3
DA:14,3
DA:24,3
DA:26,26
DA:28,26
DA:31,2
DA:32,2
DA:35,2
DA:36,0
DA:38,2
DA:41,2
DA:42,2
DA:45,2
DA:48,0
DA:49,0
DA:53,2
DA:56,0
DA:57,0
DA:61,2
DA:64,0
DA:65,0
DA:70,2
DA:71,0
DA:73,0
DA:74,0
DA:81,2
DA:84,2
DA:88,1
DA:89,1
DA:94,0
DA:98,1
DA:99,1
DA:100,1
DA:104,16
DA:105,16
DA:108,16
DA:110,0
DA:111,0
DA:117,0
DA:118,0
DA:119,0
DA:123,0
DA:124,0
DA:126,0
DA:134,0
DA:135,0
DA:136,0
DA:137,0
DA:138,0
DA:139,0
DA:140,0
DA:142,0
DA:147,1
DA:148,1
DA:149,1
DA:152,0
DA:153,0
DA:154,0
DA:155,0
DA:157,0
DA:158,0
DA:159,0
DA:160,0
DA:162,0
DA:163,0
DA:164,0
DA:169,0
DA:170,0
DA:171,0
DA:174,0
DA:175,0
DA:177,0
DA:180,0
DA:181,0
DA:182,0
DA:186,0
DA:187,0
DA:188,0
DA:189,0
DA:190,0
DA:193,0
DA:194,0
DA:195,0
DA:196,0
DA:197,0
DA:201,0
DA:202,0
DA:203,0
DA:206,0
DA:211,0
DA:212,0
DA:214,0
DA:215,0
DA:216,0
DA:221,0
DA:222,0
DA:223,0
DA:226,0
DA:227,0
DA:229,0
DA:230,0
DA:232,0
DA:235,0
DA:240,0
DA:241,0
DA:242,0
DA:243,0
DA:244,0
DA:247,0
DA:248,0
DA:249,0
DA:250,0
DA:251,0
DA:257,0
DA:258,0
DA:259,0
DA:262,0
DA:267,0
DA:268,0
DA:270,0
DA:271,0
DA:272,0
DA:277,0
DA:278,0
DA:282,0
DA:283,0
DA:284,0
DA:287,0
DA:288,0
DA:289,0
DA:291,0
DA:292,0
DA:293,0
DA:294,0
DA:295,0
DA:297,0
DA:298,0
DA:304,4
DA:307,3
DA:315,2
DA:316,5
DA:317,4
DA:325,6
DA:327,5
DA:328,5
DA:335,4
DA:336,1
DA:337,3
DA:339,2
DA:341,1
DA:344,3
DA:345,3
DA:350,6
DA:352,5
DA:354,5
DA:361,4
DA:362,1
DA:366,3
DA:367,1
DA:371,2
DA:381,4
DA:383,1
DA:392,3
DA:393,3
DA:400,0
DA:403,0
DA:404,0
DA:407,0
DA:411,0
DA:412,0
DA:415,0
DA:417,0
DA:418,0
DA:422,0
DA:423,0
DA:427,0
DA:428,0
DA:429,0
DA:430,0
DA:436,0
DA:437,0
DA:440,0
DA:448,2
DA:449,2
DA:453,0
DA:455,0
DA:456,0
DA:458,0
DA:462,0
DA:465,0
DA:466,0
DA:467,0
DA:471,0
DA:475,0
DA:478,0
DA:479,0
DA:480,0
DA:484,0
DA:488,0
DA:491,0
DA:492,0
DA:493,0
DA:497,0
DA:501,0
DA:504,0
DA:505,0
DA:506,0
DA:510,0
DA:514,0
DA:515,0
DA:516,0
DA:520,0
DA:524,0
DA:528,0
DA:529,0
DA:530,0
DA:534,0
DA:535,0
DA:536,0
DA:542,0
DA:546,0
DA:549,0
DA:550,0
DA:551,0
DA:552,0
DA:553,0
DA:554,0
DA:555,0
DA:556,0
DA:557,0
DA:558,0
DA:561,0
DA:562,0
DA:563,0
DA:564,0
LF:236
LH:58
BRDA:70,0,0,0
BRDA:73,1,0,0
BRDA:73,2,0,0
BRDA:73,2,1,0
BRDA:88,3,0,1
BRDA:104,4,0,16
BRDA:104,4,1,0
BRDA:117,5,0,0
BRDA:123,6,0,0
BRDA:134,7,0,0
BRDA:134,7,1,0
BRDA:136,8,0,0
BRDA:136,8,1,0
BRDA:138,9,0,0
BRDA:138,9,1,0
BRDA:147,10,0,1
BRDA:169,11,0,0
BRDA:180,12,0,0
BRDA:180,12,1,0
BRDA:181,13,0,0
BRDA:181,14,0,0
BRDA:181,14,1,0
BRDA:194,15,0,0
BRDA:196,16,0,0
BRDA:201,17,0,0
BRDA:221,18,0,0
BRDA:229,19,0,0
BRDA:229,19,1,0
BRDA:232,20,0,0
BRDA:232,20,1,0
BRDA:235,21,0,0
BRDA:235,21,1,0
BRDA:235,21,2,0
BRDA:250,22,0,0
BRDA:257,23,0,0
BRDA:277,24,0,0
BRDA:277,25,0,0
BRDA:277,25,1,0
BRDA:282,26,0,0
BRDA:282,26,1,0
BRDA:283,27,0,0
BRDA:283,28,0,0
BRDA:283,28,1,0
BRDA:304,29,0,1
BRDA:308,30,0,3
BRDA:308,30,1,0
BRDA:309,31,0,3
BRDA:309,31,1,0
BRDA:316,32,0,5
BRDA:316,32,1,5
BRDA:318,33,0,4
BRDA:318,33,1,0
BRDA:318,34,0,0
BRDA:318,34,1,4
BRDA:318,35,0,4
BRDA:318,35,1,4
BRDA:319,36,0,4
BRDA:319,36,1,0
BRDA:320,37,0,4
BRDA:320,37,1,0
BRDA:325,38,0,1
BRDA:329,39,0,5
BRDA:329,39,1,0
BRDA:330,40,0,5
BRDA:330,40,1,0
BRDA:335,41,0,1
BRDA:335,41,1,3
BRDA:337,42,0,2
BRDA:337,42,1,1
BRDA:337,43,0,3
BRDA:337,43,1,2
BRDA:350,44,0,1
BRDA:355,45,0,5
BRDA:355,45,1,0
BRDA:356,46,0,5
BRDA:356,46,1,0
BRDA:361,47,0,1
BRDA:366,48,0,1
BRDA:372,49,0,2
BRDA:372,49,1,0
BRDA:373,50,0,2
BRDA:373,50,1,0
BRDA:381,51,0,1
BRDA:381,51,1,3
BRDA:384,52,0,1
BRDA:384,52,1,0
BRDA:385,53,0,1
BRDA:385,53,1,0
BRDA:400,54,0,0
BRDA:400,54,1,0
BRDA:403,55,0,0
BRDA:411,56,0,0
BRDA:411,56,1,0
BRDA:415,57,0,0
BRDA:415,57,1,0
BRDA:417,58,0,0
BRDA:422,59,0,0
BRDA:427,60,0,0
BRDA:427,61,0,0
BRDA:427,61,1,0
BRDA:429,62,0,0
BRDA:436,63,0,0
BRDA:534,64,0,0
BRF:103
BRH:34
end_of_record
