TN:
SF:main.ts
FN:24,(anonymous_0)
FN:30,(anonymous_1)
FN:35,(anonymous_3)
FN:35,(anonymous_4)
FN:48,(anonymous_5)
FN:48,(anonymous_6)
FN:56,(anonymous_7)
FN:56,(anonymous_8)
FN:64,(anonymous_9)
FN:64,(anonymous_10)
FN:72,(anonymous_11)
FN:87,(anonymous_12)
FN:93,(anonymous_13)
FN:97,(anonymous_15)
FN:103,(anonymous_17)
FN:115,(anonymous_18)
FN:125,(anonymous_19)
FN:131,(anonymous_20)
FN:144,(anonymous_21)
FN:166,(anonymous_23)
FN:218,(anonymous_25)
FN:231,(anonymous_27)
FN:274,(anonymous_28)
FN:301,(anonymous_30)
FN:314,(anonymous_32)
FN:315,(anonymous_33)
FN:322,(anonymous_34)
FN:347,(anonymous_36)
FN:397,(anonymous_38)
FN:402,(anonymous_39)
FN:426,(anonymous_40)
FN:431,(anonymous_41)
FN:440,(anonymous_42)
FN:443,(anonymous_43)
FN:443,(anonymous_44)
FN:451,(anonymous_45)
FN:454,(anonymous_46)
FN:454,(anonymous_47)
FN:462,(anonymous_48)
FN:465,(anonymous_49)
FN:465,(anonymous_50)
FN:473,(anonymous_51)
FN:476,(anonymous_52)
FN:476,(anonymous_53)
FN:484,(anonymous_54)
FN:486,(anonymous_55)
FN:486,(anonymous_56)
FN:494,(anonymous_57)
FN:498,(anonymous_58)
FN:498,(anonymous_59)
FN:514,(anonymous_60)
FN:517,(anonymous_61)
FN:517,(anonymous_62)
FN:523,(anonymous_63)
FN:530,(anonymous_64)
FNF:55
FNH:19
FNDA:81,(anonymous_0)
FNDA:3,(anonymous_1)
FNDA:0,(anonymous_3)
FNDA:0,(anonymous_4)
FNDA:0,(anonymous_5)
FNDA:0,(anonymous_6)
FNDA:0,(anonymous_7)
FNDA:0,(anonymous_8)
FNDA:0,(anonymous_9)
FNDA:0,(anonymous_10)
FNDA:0,(anonymous_11)
FNDA:1,(anonymous_12)
FNDA:0,(anonymous_13)
FNDA:2,(anonymous_15)
FNDA:32,(anonymous_17)
FNDA:3,(anonymous_18)
FNDA:0,(anonymous_19)
FNDA:34,(anonymous_20)
FNDA:6,(anonymous_21)
FNDA:10,(anonymous_23)
FNDA:7,(anonymous_25)
FNDA:0,(anonymous_27)
FNDA:1,(anonymous_28)
FNDA:9,(anonymous_30)
FNDA:113,(anonymous_32)
FNDA:112,(anonymous_33)
FNDA:7,(anonymous_34)
FNDA:8,(anonymous_36)
FNDA:31,(anonymous_38)
FNDA:39,(anonymous_39)
FNDA:3,(anonymous_40)
FNDA:0,(anonymous_41)
FNDA:0,(anonymous_42)
FNDA:0,(anonymous_43)
FNDA:0,(anonymous_44)
FNDA:0,(anonymous_45)
FNDA:0,(anonymous_46)
FNDA:0,(anonymous_47)
FNDA:0,(anonymous_48)
FNDA:0,(anonymous_49)
FNDA:0,(anonymous_50)
FNDA:0,(anonymous_51)
FNDA:0,(anonymous_52)
FNDA:0,(anonymous_53)
FNDA:0,(anonymous_54)
FNDA:0,(anonymous_55)
FNDA:0,(anonymous_56)
FNDA:0,(anonymous_57)
FNDA:0,(anonymous_58)
FNDA:0,(anonymous_59)
FNDA:0,(anonymous_60)
FNDA:0,(anonymous_61)
FNDA:0,(anonymous_62)
FNDA:0,(anonymous_63)
FNDA:0,(anonymous_64)
DA:1,11
DA:2,11
DA:14,11
DA:24,11
DA:26,81
DA:28,81
DA:31,3
DA:32,3
DA:35,3
DA:36,0
DA:38,3
DA:41,3
DA:42,3
DA:45,3
DA:48,0
DA:49,0
DA:53,3
DA:56,0
DA:57,0
DA:61,3
DA:64,0
DA:65,0
DA:70,3
DA:71,0
DA:73,0
DA:74,0
DA:81,3
DA:84,3
DA:88,1
DA:89,1
DA:94,0
DA:98,2
DA:99,2
DA:100,2
DA:104,32
DA:105,30
DA:108,30
DA:110,2
DA:111,2
DA:117,3
DA:118,0
DA:119,0
DA:123,3
DA:124,1
DA:125,0
DA:132,34
DA:133,25
DA:134,9
DA:135,1
DA:136,8
DA:137,2
DA:138,2
DA:140,6
DA:145,6
DA:146,1
DA:147,1
DA:150,5
DA:151,1
DA:152,1
DA:153,1
DA:155,1
DA:156,1
DA:157,1
DA:158,1
DA:160,0
DA:161,0
DA:162,0
DA:167,10
DA:168,0
DA:169,0
DA:172,10
DA:173,4
DA:175,4
DA:178,3
DA:179,3
DA:180,0
DA:184,0
DA:185,0
DA:186,0
DA:187,0
DA:188,0
DA:191,0
DA:192,0
DA:193,0
DA:194,0
DA:195,0
DA:199,0
DA:200,0
DA:201,0
DA:204,0
DA:209,0
DA:210,0
DA:212,4
DA:213,4
DA:214,4
DA:219,7
DA:220,0
DA:221,0
DA:224,7
DA:225,3
DA:227,3
DA:228,3
DA:230,0
DA:231,0
DA:232,0
DA:238,0
DA:239,0
DA:240,0
DA:241,0
DA:242,0
DA:245,0
DA:246,0
DA:247,0
DA:248,0
DA:249,0
DA:255,0
DA:256,0
DA:257,0
DA:260,0
DA:265,0
DA:266,0
DA:268,3
DA:269,3
DA:270,3
DA:275,1
DA:276,0
DA:280,1
DA:281,1
DA:282,0
DA:285,1
DA:286,1
DA:287,0
DA:289,0
DA:290,0
DA:291,0
DA:292,0
DA:293,0
DA:295,1
DA:296,1
DA:302,9
DA:305,8
DA:313,6
DA:314,113
DA:315,112
DA:323,7
DA:325,6
DA:326,6
DA:333,5
DA:334,1
DA:335,4
DA:337,3
DA:339,1
DA:342,3
DA:343,3
DA:348,8
DA:350,7
DA:352,7
DA:359,5
DA:360,1
DA:364,4
DA:365,1
DA:369,3
DA:379,5
DA:381,2
DA:390,3
DA:391,3
DA:398,31
DA:399,31
DA:403,39
DA:404,39
DA:407,39
DA:408,30
DA:409,30
DA:410,27
DA:415,39
DA:416,36
DA:419,39
DA:427,3
DA:428,3
DA:432,0
DA:434,0
DA:435,0
DA:437,0
DA:440,0
DA:443,0
DA:444,0
DA:445,0
DA:448,0
DA:451,0
DA:454,0
DA:455,0
DA:456,0
DA:459,0
DA:462,0
DA:465,0
DA:466,0
DA:467,0
DA:470,0
DA:473,0
DA:476,0
DA:477,0
DA:478,0
DA:481,0
DA:484,0
DA:486,0
DA:487,0
DA:488,0
DA:491,0
DA:494,0
DA:498,0
DA:499,0
DA:500,0
DA:503,0
DA:504,0
DA:505,0
DA:511,0
DA:514,0
DA:517,0
DA:518,0
DA:519,0
DA:520,0
DA:521,0
DA:522,0
DA:523,0
DA:524,0
DA:525,0
DA:526,0
DA:529,0
DA:530,0
DA:531,0
DA:532,0
LF:231
LH:114
BRDA:70,0,0,0
BRDA:73,1,0,0
BRDA:73,2,0,0
BRDA:73,2,1,0
BRDA:88,3,0,1
BRDA:104,4,0,30
BRDA:104,4,1,2
BRDA:117,5,0,0
BRDA:123,6,0,1
BRDA:132,7,0,25
BRDA:132,7,1,9
BRDA:134,8,0,1
BRDA:134,8,1,8
BRDA:136,9,0,2
BRDA:136,9,1,6
BRDA:145,10,0,1
BRDA:167,11,0,0
BRDA:178,12,0,3
BRDA:178,12,1,0
BRDA:179,13,0,0
BRDA:179,14,0,3
BRDA:179,14,1,3
BRDA:192,15,0,0
BRDA:194,16,0,0
BRDA:199,17,0,0
BRDA:219,18,0,0
BRDA:227,19,0,3
BRDA:227,19,1,0
BRDA:230,20,0,0
BRDA:232,21,0,0
BRDA:232,21,1,0
BRDA:232,21,2,0
BRDA:248,22,0,0
BRDA:255,23,0,0
BRDA:275,24,0,0
BRDA:275,25,0,1
BRDA:275,25,1,1
BRDA:280,26,0,1
BRDA:280,26,1,0
BRDA:281,27,0,0
BRDA:281,28,0,1
BRDA:281,28,1,1
BRDA:302,29,0,1
BRDA:306,30,0,8
BRDA:306,30,1,0
BRDA:307,31,0,8
BRDA:307,31,1,0
BRDA:314,32,0,113
BRDA:314,32,1,113
BRDA:316,33,0,112
BRDA:316,33,1,0
BRDA:316,34,0,0
BRDA:316,34,1,112
BRDA:316,35,0,112
BRDA:316,35,1,112
BRDA:317,36,0,112
BRDA:317,36,1,0
BRDA:318,37,0,112
BRDA:318,37,1,0
BRDA:323,38,0,1
BRDA:327,39,0,6
BRDA:327,39,1,0
BRDA:328,40,0,6
BRDA:328,40,1,0
BRDA:333,41,0,1
BRDA:333,41,1,4
BRDA:335,42,0,3
BRDA:335,42,1,1
BRDA:335,43,0,4
BRDA:335,43,1,3
BRDA:348,44,0,1
BRDA:353,45,0,7
BRDA:353,45,1,0
BRDA:354,46,0,7
BRDA:354,46,1,0
BRDA:359,47,0,1
BRDA:364,48,0,1
BRDA:370,49,0,3
BRDA:370,49,1,0
BRDA:371,50,0,3
BRDA:371,50,1,0
BRDA:379,51,0,2
BRDA:379,51,1,3
BRDA:382,52,0,2
BRDA:382,52,1,0
BRDA:383,53,0,2
BRDA:383,53,1,0
BRDA:398,54,0,27
BRDA:398,54,1,4
BRDA:403,55,0,39
BRDA:403,55,1,5
BRDA:407,56,0,30
BRDA:407,57,0,39
BRDA:407,57,1,34
BRDA:409,58,0,27
BRDA:415,59,0,36
BRDA:503,60,0,0
BRF:97
BRH:60
end_of_record
